Please specify --site sitename
Backup Summary at 2021-09-23 18:00:03.520706
--------------------------------------------
Database backup: ./gourmet.sugarmill/private/backups/20210923_180002-gourmet_sugarmill-database.sql.gz
Backup Summary at 2021-09-24 18:30:04.377361
--------------------------------------------
Database backup: ./gourmet.sugarmill/private/backups/20210924_183002-gourmet_sugarmill-database.sql.gz
Backup Summary at 2021-09-27 12:00:03.028265
--------------------------------------------
Database backup: ./gourmet.sugarmill/private/backups/20210927_120002-gourmet_sugarmill-database.sql.gz
Backup Summary at 2021-09-27 18:00:03.126535
--------------------------------------------
Database backup: ./gourmet.sugarmill/private/backups/20210927_180002-gourmet_sugarmill-database.sql.gz
Backup Summary at 2021-09-28 12:00:04.230777
--------------------------------------------
Database backup: ./gourmet.sugarmill/private/backups/20210928_120002-gourmet_sugarmill-database.sql.gz
Backup Summary at 2021-09-28 18:00:24.181031
--------------------------------------------
Database backup: ./gourmet.sugarmill/private/backups/20210928_180002-gourmet_sugarmill-database.sql.gz
Backup Summary at 2021-09-29 12:00:46.806772
--------------------------------------------
Database backup: ./gourmet.sugarmill/private/backups/20210929_120002-gourmet_sugarmill-database.sql.gz
Backup Summary at 2021-09-29 18:00:24.845412
--------------------------------------------
Database backup: ./gourmet.sugarmill/private/backups/20210929_180002-gourmet_sugarmill-database.sql.gz
Backup Summary at 2021-09-30 12:00:23.076740
--------------------------------------------
Database backup: ./gourmet.sugarmill/private/backups/20210930_120001-gourmet_sugarmill-database.sql.gz
Backup Summary at 2021-09-30 18:00:26.116659
--------------------------------------------
Database backup: ./gourmet.sugarmill/private/backups/20210930_180003-gourmet_sugarmill-database.sql.gz
Backup Summary at 2021-10-01 12:00:22.332334
--------------------------------------------
Database backup: ./gourmet.sugarmill/private/backups/20211001_120002-gourmet_sugarmill-database.sql.gz
Backup Summary at 2021-10-01 18:00:24.749721
--------------------------------------------
Database backup: ./gourmet.sugarmill/private/backups/20211001_180002-gourmet_sugarmill-database.sql.gz
Backup Summary at 2021-10-04 12:00:24.427398
--------------------------------------------
Database backup: ./gourmet.sugarmill/private/backups/20211004_120002-gourmet_sugarmill-database.sql.gz
Backup Summary at 2021-10-04 18:00:23.832419
--------------------------------------------
Database backup: ./gourmet.sugarmill/private/backups/20211004_180002-gourmet_sugarmill-database.sql.gz
Backup Summary at 2021-10-05 12:00:24.459607
--------------------------------------------
Database backup: ./gourmet.sugarmill/private/backups/20211005_120002-gourmet_sugarmill-database.sql.gz
Backup Summary at 2021-10-05 18:00:25.208447
--------------------------------------------
Database backup: ./gourmet.sugarmill/private/backups/20211005_180002-gourmet_sugarmill-database.sql.gz
Backup Summary at 2021-10-06 12:00:28.525252
--------------------------------------------
Database backup: ./gourmet.sugarmill/private/backups/20211006_120001-gourmet_sugarmill-database.sql.gz
Backup Summary at 2021-10-06 18:00:27.672175
--------------------------------------------
Database backup: ./gourmet.sugarmill/private/backups/20211006_180002-gourmet_sugarmill-database.sql.gz
Backup Summary at 2021-10-07 12:01:05.877772
--------------------------------------------
Database backup: ./gourmet.sugarmill/private/backups/20211007_120001-gourmet_sugarmill-database.sql.gz
Backup Summary at 2021-10-07 18:00:23.784420
--------------------------------------------
Database backup: ./gourmet.sugarmill/private/backups/20211007_180002-gourmet_sugarmill-database.sql.gz
Backup Summary at 2021-10-08 12:00:23.782033
--------------------------------------------
Database backup: ./gourmet.sugarmill/private/backups/20211008_120002-gourmet_sugarmill-database.sql.gz
Backup Summary at 2021-10-08 18:00:32.690543
--------------------------------------------
Database backup: ./gourmet.sugarmill/private/backups/20211008_180001-gourmet_sugarmill-database.sql.gz
Backup Summary at 2021-10-11 18:03:25.040634
--------------------------------------------
Database backup: ./gourmet.sugarmill/private/backups/20211011_180002-gourmet_sugarmill-database.sql.gz
Backup Summary at 2021-10-12 00:03:05.876805
--------------------------------------------
Database backup: ./gourmet.sugarmill/private/backups/20211012_000002-gourmet_sugarmill-database.sql.gz
Backup Summary at 2021-10-12 12:02:57.120272
--------------------------------------------
Database backup: ./gourmet.sugarmill/private/backups/20211012_120001-gourmet_sugarmill-database.sql.gz
Backup Summary at 2021-10-14 12:00:27.798035
--------------------------------------------
Database backup: ./gourmet.sugarmill/private/backups/20211014_120002-gourmet_sugarmill-database.sql.gz
Backup Summary at 2021-10-14 18:00:25.021733
--------------------------------------------
Database backup: ./gourmet.sugarmill/private/backups/20211014_180002-gourmet_sugarmill-database.sql.gz
Backup Summary at 2021-10-15 12:00:24.217824
--------------------------------------------
Database backup: ./gourmet.sugarmill/private/backups/20211015_120001-gourmet_sugarmill-database.sql.gz
Backup Summary at 2021-10-18 12:00:24.928018
--------------------------------------------
Database backup: ./gourmet.sugarmill/private/backups/20211018_120002-gourmet_sugarmill-database.sql.gz
Backup Summary at 2021-10-18 18:00:26.725403
--------------------------------------------
Database backup: ./gourmet.sugarmill/private/backups/20211018_180001-gourmet_sugarmill-database.sql.gz
Backup Summary at 2021-10-19 18:00:22.185859
--------------------------------------------
Database backup: ./gourmet.sugarmill/private/backups/20211019_180002-gourmet_sugarmill-database.sql.gz
Backup Summary at 2021-10-21 12:00:25.177893
--------------------------------------------
Database backup: ./gourmet.sugarmill/private/backups/20211021_120002-gourmet_sugarmill-database.sql.gz
Backup Summary at 2021-10-21 18:00:35.720370
--------------------------------------------
Database backup: ./gourmet.sugarmill/private/backups/20211021_180003-gourmet_sugarmill-database.sql.gz
Backup Summary at 2021-10-22 12:00:25.692862
--------------------------------------------
Database backup: ./gourmet.sugarmill/private/backups/20211022_120002-gourmet_sugarmill-database.sql.gz
Backup Summary at 2021-10-22 18:00:24.734664
--------------------------------------------
Database backup: ./gourmet.sugarmill/private/backups/20211022_180002-gourmet_sugarmill-database.sql.gz
Backup Summary at 2021-10-25 12:00:26.375405
--------------------------------------------
Database backup: ./gourmet.sugarmill/private/backups/20211025_120002-gourmet_sugarmill-database.sql.gz
Backup Summary at 2021-10-25 18:00:28.575164
--------------------------------------------
Database backup: ./gourmet.sugarmill/private/backups/20211025_180002-gourmet_sugarmill-database.sql.gz
Backup Summary at 2021-10-26 12:00:27.429284
--------------------------------------------
Database backup: ./gourmet.sugarmill/private/backups/20211026_120002-gourmet_sugarmill-database.sql.gz
Backup Summary at 2021-10-26 18:00:29.267836
--------------------------------------------
Database backup: ./gourmet.sugarmill/private/backups/20211026_180002-gourmet_sugarmill-database.sql.gz
Backup Summary at 2021-10-27 12:00:01.961608
--------------------------------------------
Database backup: ./gourmet.sugarmill/private/backups/20211027_120001-gourmet_sugarmill-database.sql.gz
Backup Summary at 2021-10-27 18:00:26.034624
--------------------------------------------
Database backup: ./gourmet.sugarmill/private/backups/20211027_180002-gourmet_sugarmill-database.sql.gz
Backup Summary at 2021-10-28 12:00:28.077668
--------------------------------------------
Database backup: ./gourmet.sugarmill/private/backups/20211028_120002-gourmet_sugarmill-database.sql.gz
Backup Summary at 2021-10-28 18:00:29.351060
--------------------------------------------
Database backup: ./gourmet.sugarmill/private/backups/20211028_180002-gourmet_sugarmill-database.sql.gz
Backup Summary at 2021-10-29 12:00:27.386893
--------------------------------------------
Database backup: ./gourmet.sugarmill/private/backups/20211029_120002-gourmet_sugarmill-database.sql.gz
Backup Summary at 2021-10-29 18:00:38.259986
--------------------------------------------
Database backup: ./gourmet.sugarmill/private/backups/20211029_180002-gourmet_sugarmill-database.sql.gz
Backup Summary at 2021-11-01 12:00:32.525013
--------------------------------------------
Database backup: ./gourmet.sugarmill/private/backups/20211101_120002-gourmet_sugarmill-database.sql.gz
Backup Summary at 2021-11-01 18:00:38.518808
--------------------------------------------
Database backup: ./gourmet.sugarmill/private/backups/20211101_180001-gourmet_sugarmill-database.sql.gz
Backup Summary at 2021-11-02 12:00:28.617562
--------------------------------------------
Database backup: ./gourmet.sugarmill/private/backups/20211102_120002-gourmet_sugarmill-database.sql.gz
Backup Summary at 2021-11-02 18:00:30.419663
--------------------------------------------
Database backup: ./gourmet.sugarmill/private/backups/20211102_180002-gourmet_sugarmill-database.sql.gz
Backup Summary at 2021-11-03 12:04:50.934666
--------------------------------------------
Database backup: ./gourmet.sugarmill/private/backups/20211103_120002-gourmet_sugarmill-database.sql.gz
Backup Summary at 2021-11-03 19:15:58.200864
--------------------------------------------
Database backup: ./gourmet.sugarmill/private/backups/20211103_180001-gourmet_sugarmill-database.sql.gz
Backup Summary at 2021-11-04 12:21:26.279902
--------------------------------------------
Database backup: ./gourmet.sugarmill/private/backups/20211104_120002-gourmet_sugarmill-database.sql.gz
Backup Summary at 2021-11-04 18:11:31.526076
--------------------------------------------
Database backup: ./gourmet.sugarmill/private/backups/20211104_180002-gourmet_sugarmill-database.sql.gz
Backup Summary at 2021-11-05 00:15:25.180785
--------------------------------------------
Database backup: ./gourmet.sugarmill/private/backups/20211105_000002-gourmet_sugarmill-database.sql.gz
Backup Summary at 2021-11-05 06:04:07.498353
--------------------------------------------
Database backup: ./gourmet.sugarmill/private/backups/20211105_060002-gourmet_sugarmill-database.sql.gz
Backup Summary at 2021-11-05 12:58:05.926070
--------------------------------------------
Database backup: ./gourmet.sugarmill/private/backups/20211105_120002-gourmet_sugarmill-database.sql.gz
Backup Summary at 2021-11-05 18:34:59.589749
--------------------------------------------
Database backup: ./gourmet.sugarmill/private/backups/20211105_180002-gourmet_sugarmill-database.sql.gz
Backup Summary at 2021-11-10 12:00:29.876784
--------------------------------------------
Database backup: ./gourmet.sugarmill/private/backups/20211110_120002-gourmet_sugarmill-database.sql.gz
Backup Summary at 2021-11-10 18:00:31.699898
--------------------------------------------
Database backup: ./gourmet.sugarmill/private/backups/20211110_180002-gourmet_sugarmill-database.sql.gz
Backup Summary at 2021-11-11 12:00:45.890864
--------------------------------------------
Database backup: ./gourmet.sugarmill/private/backups/20211111_120002-gourmet_sugarmill-database.sql.gz
Backup Summary at 2021-11-11 18:00:36.337986
--------------------------------------------
Database backup: ./gourmet.sugarmill/private/backups/20211111_180003-gourmet_sugarmill-database.sql.gz
Backup Summary at 2021-11-12 12:00:43.848319
--------------------------------------------
Database backup: ./gourmet.sugarmill/private/backups/20211112_120002-gourmet_sugarmill-database.sql.gz
Backup Summary at 2021-11-12 18:00:36.675717
--------------------------------------------
Database backup: ./gourmet.sugarmill/private/backups/20211112_180002-gourmet_sugarmill-database.sql.gz
Backup Summary at 2021-11-15 12:04:56.503386
--------------------------------------------
Database backup: ./gourmet.sugarmill/private/backups/20211115_120002-gourmet_sugarmill-database.sql.gz
Backup Summary at 2021-11-16 12:00:33.724549
--------------------------------------------
Database backup: ./gourmet.sugarmill/private/backups/20211116_120002-gourmet_sugarmill-database.sql.gz
Backup Summary at 2021-11-16 18:00:36.036949
--------------------------------------------
Database backup: ./gourmet.sugarmill/private/backups/20211116_180001-gourmet_sugarmill-database.sql.gz
Backup Summary at 2021-11-17 12:00:55.852920
--------------------------------------------
Database backup: ./gourmet.sugarmill/private/backups/20211117_120002-gourmet_sugarmill-database.sql.gz
Backup Summary at 2021-11-17 18:01:02.307803
--------------------------------------------
Database backup: ./gourmet.sugarmill/private/backups/20211117_180002-gourmet_sugarmill-database.sql.gz
Backup Summary at 2021-11-18 12:00:43.290620
--------------------------------------------
Database backup: ./gourmet.sugarmill/private/backups/20211118_120001-gourmet_sugarmill-database.sql.gz
Backup Summary at 2021-11-18 18:00:51.035281
--------------------------------------------
Database backup: ./gourmet.sugarmill/private/backups/20211118_180002-gourmet_sugarmill-database.sql.gz
Backup Summary at 2021-11-19 18:01:50.811448
--------------------------------------------
Database backup: ./gourmet.sugarmill/private/backups/20211119_180002-gourmet_sugarmill-database.sql.gz
Backup Summary at 2021-11-22 12:00:48.592859
--------------------------------------------
Database backup: ./gourmet.sugarmill/private/backups/20211122_120002-gourmet_sugarmill-database.sql.gz
Backup Summary at 2021-11-22 18:00:56.521465
--------------------------------------------
Database backup: ./gourmet.sugarmill/private/backups/20211122_180002-gourmet_sugarmill-database.sql.gz
Backup Summary at 2021-11-23 12:01:03.231573
--------------------------------------------
Database backup: ./gourmet.sugarmill/private/backups/20211123_120002-gourmet_sugarmill-database.sql.gz
Backup Summary at 2021-11-23 18:01:13.734643
--------------------------------------------
Database backup: ./gourmet.sugarmill/private/backups/20211123_180002-gourmet_sugarmill-database.sql.gz
Backup Summary at 2021-11-24 12:01:07.996318
--------------------------------------------
Database backup: ./gourmet.sugarmill/private/backups/20211124_120002-gourmet_sugarmill-database.sql.gz
Backup Summary at 2021-11-24 18:00:49.967083
--------------------------------------------
Database backup: ./gourmet.sugarmill/private/backups/20211124_180002-gourmet_sugarmill-database.sql.gz
Backup Summary at 2021-11-25 12:01:01.542552
--------------------------------------------
Database backup: ./gourmet.sugarmill/private/backups/20211125_120002-gourmet_sugarmill-database.sql.gz
Backup Summary at 2021-11-25 18:01:47.811460
--------------------------------------------
Database backup: ./gourmet.sugarmill/private/backups/20211125_180002-gourmet_sugarmill-database.sql.gz
Backup Summary at 2021-11-26 12:00:57.542020
--------------------------------------------
Database backup: ./gourmet.sugarmill/private/backups/20211126_120002-gourmet_sugarmill-database.sql.gz
Backup Summary at 2021-11-29 12:01:27.164183
--------------------------------------------
Database backup: ./gourmet.sugarmill/private/backups/20211129_120002-gourmet_sugarmill-database.sql.gz
Backup Summary at 2021-11-29 18:00:57.598274
--------------------------------------------
Database backup: ./gourmet.sugarmill/private/backups/20211129_180002-gourmet_sugarmill-database.sql.gz
Backup Summary at 2021-11-30 12:00:35.706422
--------------------------------------------
Database backup: ./gourmet.sugarmill/private/backups/20211130_120002-gourmet_sugarmill-database.sql.gz
Backup Summary at 2021-12-02 12:02:19.369281
--------------------------------------------
Database backup: ./gourmet.sugarmill/private/backups/20211202_120002-gourmet_sugarmill-database.sql.gz
Backup Summary at 2021-12-02 18:01:00.499274
--------------------------------------------
Database backup: ./gourmet.sugarmill/private/backups/20211202_180002-gourmet_sugarmill-database.sql.gz
Backup Summary at 2021-12-03 12:02:28.235931
--------------------------------------------
Database backup: ./gourmet.sugarmill/private/backups/20211203_120002-gourmet_sugarmill-database.sql.gz
Backup Summary at 2021-12-03 18:01:56.749962
--------------------------------------------
Database backup: ./gourmet.sugarmill/private/backups/20211203_180002-gourmet_sugarmill-database.sql.gz
Backup failed for gourmet.sugarmill. Database or site_config.json may be corrupted
Backup failed for gourmet.sugarmill. Database or site_config.json may be corrupted
Backup Summary at 2021-12-06 12:00:34.298117
--------------------------------------------
Database backup: ./gourmet.sugarmill/private/backups/20211206_120002-gourmet_sugarmill-database.sql.gz
Backup Summary at 2021-12-06 18:01:09.088363
--------------------------------------------
Database backup: ./gourmet.sugarmill/private/backups/20211206_180002-gourmet_sugarmill-database.sql.gz
Backup Summary at 2021-12-07 12:01:26.708811
--------------------------------------------
Database backup: ./gourmet.sugarmill/private/backups/20211207_120002-gourmet_sugarmill-database.sql.gz
