[ERROR] 2021-12-03 19:40:38,374 | /home/attiq/frappe-sugarmill/apps/frappe/frappe/utils/error.py:
New Exception collected with id: 2021-12-03 19:40:38.369937-127.0.0.1-cb3
[DEBUG] 2021-12-06 11:33:45,081 | /home/attiq/frappe-sugarmill/apps/frappe/frappe/utils/scheduler.py:
Site: gourmet.sugarmill
Queued events for site gourmet.sugarmill
[DEBUG] 2021-12-06 11:34:45,251 | /home/attiq/frappe-sugarmill/apps/frappe/frappe/utils/scheduler.py:
Site: gourmet.sugarmill
Queued events for site gourmet.sugarmill
[DEBUG] 2021-12-06 11:35:45,809 | /home/attiq/frappe-sugarmill/apps/frappe/frappe/utils/scheduler.py:
Site: gourmet.sugarmill
Queued events for site gourmet.sugarmill
[DEBUG] 2021-12-06 11:36:45,948 | /home/attiq/frappe-sugarmill/apps/frappe/frappe/utils/scheduler.py:
Site: gourmet.sugarmill
Queued events for site gourmet.sugarmill
[DEBUG] 2021-12-06 11:37:46,098 | /home/attiq/frappe-sugarmill/apps/frappe/frappe/utils/scheduler.py:
Site: gourmet.sugarmill
Queued events for site gourmet.sugarmill
[DEBUG] 2021-12-06 11:38:46,238 | /home/attiq/frappe-sugarmill/apps/frappe/frappe/utils/scheduler.py:
Site: gourmet.sugarmill
Queued events for site gourmet.sugarmill
[DEBUG] 2021-12-06 11:39:46,380 | /home/attiq/frappe-sugarmill/apps/frappe/frappe/utils/scheduler.py:
Site: gourmet.sugarmill
Queued events for site gourmet.sugarmill
[DEBUG] 2021-12-06 11:40:46,528 | /home/attiq/frappe-sugarmill/apps/frappe/frappe/utils/scheduler.py:
Site: gourmet.sugarmill
Queued events for site gourmet.sugarmill
[DEBUG] 2021-12-06 11:41:46,670 | /home/attiq/frappe-sugarmill/apps/frappe/frappe/utils/scheduler.py:
Site: gourmet.sugarmill
Queued events for site gourmet.sugarmill
[DEBUG] 2021-12-06 11:42:47,659 | /home/attiq/frappe-sugarmill/apps/frappe/frappe/utils/scheduler.py:
Site: gourmet.sugarmill
Queued events for site gourmet.sugarmill
[DEBUG] 2021-12-06 11:43:48,004 | /home/attiq/frappe-sugarmill/apps/frappe/frappe/utils/scheduler.py:
Site: gourmet.sugarmill
Queued events for site gourmet.sugarmill
[DEBUG] 2021-12-06 11:44:48,298 | /home/attiq/frappe-sugarmill/apps/frappe/frappe/utils/scheduler.py:
Site: gourmet.sugarmill
Queued events for site gourmet.sugarmill
[DEBUG] 2021-12-06 11:45:48,439 | /home/attiq/frappe-sugarmill/apps/frappe/frappe/utils/scheduler.py:
Site: gourmet.sugarmill
Queued events for site gourmet.sugarmill
[DEBUG] 2021-12-06 11:46:48,594 | /home/attiq/frappe-sugarmill/apps/frappe/frappe/utils/scheduler.py:
Site: gourmet.sugarmill
Queued events for site gourmet.sugarmill
[DEBUG] 2021-12-06 11:47:48,746 | /home/attiq/frappe-sugarmill/apps/frappe/frappe/utils/scheduler.py:
Site: gourmet.sugarmill
Queued events for site gourmet.sugarmill
[DEBUG] 2021-12-06 11:48:48,908 | /home/attiq/frappe-sugarmill/apps/frappe/frappe/utils/scheduler.py:
Site: gourmet.sugarmill
Queued events for site gourmet.sugarmill
[DEBUG] 2021-12-06 11:49:49,053 | /home/attiq/frappe-sugarmill/apps/frappe/frappe/utils/scheduler.py:
Site: gourmet.sugarmill
Queued events for site gourmet.sugarmill
[DEBUG] 2021-12-06 11:50:49,171 | /home/attiq/frappe-sugarmill/apps/frappe/frappe/utils/scheduler.py:
Site: gourmet.sugarmill
Queued events for site gourmet.sugarmill
[DEBUG] 2021-12-06 11:51:49,318 | /home/attiq/frappe-sugarmill/apps/frappe/frappe/utils/scheduler.py:
Site: gourmet.sugarmill
Queued events for site gourmet.sugarmill
[DEBUG] 2021-12-06 11:52:49,894 | /home/attiq/frappe-sugarmill/apps/frappe/frappe/utils/scheduler.py:
Site: gourmet.sugarmill
Queued events for site gourmet.sugarmill
[DEBUG] 2021-12-06 11:53:50,074 | /home/attiq/frappe-sugarmill/apps/frappe/frappe/utils/scheduler.py:
Site: gourmet.sugarmill
Queued events for site gourmet.sugarmill
[DEBUG] 2021-12-06 11:54:50,239 | /home/attiq/frappe-sugarmill/apps/frappe/frappe/utils/scheduler.py:
Site: gourmet.sugarmill
Queued events for site gourmet.sugarmill
[DEBUG] 2021-12-06 11:55:51,451 | /home/attiq/frappe-sugarmill/apps/frappe/frappe/utils/scheduler.py:
Site: gourmet.sugarmill
Queued events for site gourmet.sugarmill
[DEBUG] 2021-12-06 11:56:51,847 | /home/attiq/frappe-sugarmill/apps/frappe/frappe/utils/scheduler.py:
Site: gourmet.sugarmill
Queued events for site gourmet.sugarmill
[DEBUG] 2021-12-06 11:57:51,983 | /home/attiq/frappe-sugarmill/apps/frappe/frappe/utils/scheduler.py:
Site: gourmet.sugarmill
Queued events for site gourmet.sugarmill
[DEBUG] 2021-12-06 11:58:52,334 | /home/attiq/frappe-sugarmill/apps/frappe/frappe/utils/scheduler.py:
Site: gourmet.sugarmill
Queued events for site gourmet.sugarmill
[DEBUG] 2021-12-06 11:59:52,684 | /home/attiq/frappe-sugarmill/apps/frappe/frappe/utils/scheduler.py:
Site: gourmet.sugarmill
Queued events for site gourmet.sugarmill
[DEBUG] 2021-12-06 12:00:52,844 | /home/attiq/frappe-sugarmill/apps/frappe/frappe/utils/scheduler.py:
Site: gourmet.sugarmill
Queued events for site gourmet.sugarmill
[DEBUG] 2021-12-06 12:01:53,192 | /home/attiq/frappe-sugarmill/apps/frappe/frappe/utils/scheduler.py:
Site: gourmet.sugarmill
Queued events for site gourmet.sugarmill
[DEBUG] 2021-12-06 12:02:53,334 | /home/attiq/frappe-sugarmill/apps/frappe/frappe/utils/scheduler.py:
Site: gourmet.sugarmill
Queued events for site gourmet.sugarmill
[DEBUG] 2021-12-06 12:03:53,486 | /home/attiq/frappe-sugarmill/apps/frappe/frappe/utils/scheduler.py:
Site: gourmet.sugarmill
Queued events for site gourmet.sugarmill
[DEBUG] 2021-12-06 12:04:53,644 | /home/attiq/frappe-sugarmill/apps/frappe/frappe/utils/scheduler.py:
Site: gourmet.sugarmill
Queued events for site gourmet.sugarmill
[DEBUG] 2021-12-06 12:05:53,778 | /home/attiq/frappe-sugarmill/apps/frappe/frappe/utils/scheduler.py:
Site: gourmet.sugarmill
Queued events for site gourmet.sugarmill
[DEBUG] 2021-12-06 12:06:53,916 | /home/attiq/frappe-sugarmill/apps/frappe/frappe/utils/scheduler.py:
Site: gourmet.sugarmill
Queued events for site gourmet.sugarmill
[DEBUG] 2021-12-06 12:07:54,048 | /home/attiq/frappe-sugarmill/apps/frappe/frappe/utils/scheduler.py:
Site: gourmet.sugarmill
Queued events for site gourmet.sugarmill
[DEBUG] 2021-12-06 12:08:54,204 | /home/attiq/frappe-sugarmill/apps/frappe/frappe/utils/scheduler.py:
Site: gourmet.sugarmill
Queued events for site gourmet.sugarmill
[DEBUG] 2021-12-06 12:09:54,356 | /home/attiq/frappe-sugarmill/apps/frappe/frappe/utils/scheduler.py:
Site: gourmet.sugarmill
Queued events for site gourmet.sugarmill
[DEBUG] 2021-12-06 12:10:54,506 | /home/attiq/frappe-sugarmill/apps/frappe/frappe/utils/scheduler.py:
Site: gourmet.sugarmill
Queued events for site gourmet.sugarmill
[DEBUG] 2021-12-06 12:11:54,664 | /home/attiq/frappe-sugarmill/apps/frappe/frappe/utils/scheduler.py:
Site: gourmet.sugarmill
Queued events for site gourmet.sugarmill
[DEBUG] 2021-12-06 12:12:54,823 | /home/attiq/frappe-sugarmill/apps/frappe/frappe/utils/scheduler.py:
Site: gourmet.sugarmill
Queued events for site gourmet.sugarmill
[DEBUG] 2021-12-06 12:13:54,957 | /home/attiq/frappe-sugarmill/apps/frappe/frappe/utils/scheduler.py:
Site: gourmet.sugarmill
Queued events for site gourmet.sugarmill
[DEBUG] 2021-12-06 12:14:55,106 | /home/attiq/frappe-sugarmill/apps/frappe/frappe/utils/scheduler.py:
Site: gourmet.sugarmill
Queued events for site gourmet.sugarmill
[DEBUG] 2021-12-06 12:15:55,253 | /home/attiq/frappe-sugarmill/apps/frappe/frappe/utils/scheduler.py:
Site: gourmet.sugarmill
Queued events for site gourmet.sugarmill
[DEBUG] 2021-12-06 12:16:55,431 | /home/attiq/frappe-sugarmill/apps/frappe/frappe/utils/scheduler.py:
Site: gourmet.sugarmill
Queued events for site gourmet.sugarmill
[DEBUG] 2021-12-06 12:17:55,588 | /home/attiq/frappe-sugarmill/apps/frappe/frappe/utils/scheduler.py:
Site: gourmet.sugarmill
Queued events for site gourmet.sugarmill
[DEBUG] 2021-12-06 12:18:55,741 | /home/attiq/frappe-sugarmill/apps/frappe/frappe/utils/scheduler.py:
Site: gourmet.sugarmill
Queued events for site gourmet.sugarmill
[DEBUG] 2021-12-06 12:19:55,899 | /home/attiq/frappe-sugarmill/apps/frappe/frappe/utils/scheduler.py:
Site: gourmet.sugarmill
Queued events for site gourmet.sugarmill
[DEBUG] 2021-12-06 12:20:56,060 | /home/attiq/frappe-sugarmill/apps/frappe/frappe/utils/scheduler.py:
Site: gourmet.sugarmill
Queued events for site gourmet.sugarmill
[DEBUG] 2021-12-06 12:21:56,187 | /home/attiq/frappe-sugarmill/apps/frappe/frappe/utils/scheduler.py:
Site: gourmet.sugarmill
Queued events for site gourmet.sugarmill
[DEBUG] 2021-12-06 12:22:56,338 | /home/attiq/frappe-sugarmill/apps/frappe/frappe/utils/scheduler.py:
Site: gourmet.sugarmill
Queued events for site gourmet.sugarmill
[DEBUG] 2021-12-06 12:23:56,477 | /home/attiq/frappe-sugarmill/apps/frappe/frappe/utils/scheduler.py:
Site: gourmet.sugarmill
Queued events for site gourmet.sugarmill
[DEBUG] 2021-12-06 12:24:56,651 | /home/attiq/frappe-sugarmill/apps/frappe/frappe/utils/scheduler.py:
Site: gourmet.sugarmill
Queued events for site gourmet.sugarmill
[DEBUG] 2021-12-06 12:25:56,817 | /home/attiq/frappe-sugarmill/apps/frappe/frappe/utils/scheduler.py:
Site: gourmet.sugarmill
Queued events for site gourmet.sugarmill
[DEBUG] 2021-12-06 12:26:56,964 | /home/attiq/frappe-sugarmill/apps/frappe/frappe/utils/scheduler.py:
Site: gourmet.sugarmill
Queued events for site gourmet.sugarmill
[DEBUG] 2021-12-06 12:27:57,119 | /home/attiq/frappe-sugarmill/apps/frappe/frappe/utils/scheduler.py:
Site: gourmet.sugarmill
Queued events for site gourmet.sugarmill
[DEBUG] 2021-12-06 12:28:57,255 | /home/attiq/frappe-sugarmill/apps/frappe/frappe/utils/scheduler.py:
Site: gourmet.sugarmill
Queued events for site gourmet.sugarmill
[DEBUG] 2021-12-06 12:29:57,411 | /home/attiq/frappe-sugarmill/apps/frappe/frappe/utils/scheduler.py:
Site: gourmet.sugarmill
Queued events for site gourmet.sugarmill
[DEBUG] 2021-12-06 12:30:57,551 | /home/attiq/frappe-sugarmill/apps/frappe/frappe/utils/scheduler.py:
Site: gourmet.sugarmill
Queued events for site gourmet.sugarmill
[DEBUG] 2021-12-06 12:31:57,708 | /home/attiq/frappe-sugarmill/apps/frappe/frappe/utils/scheduler.py:
Site: gourmet.sugarmill
Queued events for site gourmet.sugarmill
[DEBUG] 2021-12-06 12:32:57,880 | /home/attiq/frappe-sugarmill/apps/frappe/frappe/utils/scheduler.py:
Site: gourmet.sugarmill
Queued events for site gourmet.sugarmill
[DEBUG] 2021-12-06 12:33:58,014 | /home/attiq/frappe-sugarmill/apps/frappe/frappe/utils/scheduler.py:
Site: gourmet.sugarmill
Queued events for site gourmet.sugarmill
[DEBUG] 2021-12-06 12:34:58,150 | /home/attiq/frappe-sugarmill/apps/frappe/frappe/utils/scheduler.py:
Site: gourmet.sugarmill
Queued events for site gourmet.sugarmill
[DEBUG] 2021-12-06 12:35:58,303 | /home/attiq/frappe-sugarmill/apps/frappe/frappe/utils/scheduler.py:
Site: gourmet.sugarmill
Queued events for site gourmet.sugarmill
[DEBUG] 2021-12-06 12:36:58,459 | /home/attiq/frappe-sugarmill/apps/frappe/frappe/utils/scheduler.py:
Site: gourmet.sugarmill
Queued events for site gourmet.sugarmill
[DEBUG] 2021-12-06 12:37:58,610 | /home/attiq/frappe-sugarmill/apps/frappe/frappe/utils/scheduler.py:
Site: gourmet.sugarmill
Queued events for site gourmet.sugarmill
[DEBUG] 2021-12-06 12:38:58,760 | /home/attiq/frappe-sugarmill/apps/frappe/frappe/utils/scheduler.py:
Site: gourmet.sugarmill
Queued events for site gourmet.sugarmill
[DEBUG] 2021-12-06 12:39:58,897 | /home/attiq/frappe-sugarmill/apps/frappe/frappe/utils/scheduler.py:
Site: gourmet.sugarmill
Queued events for site gourmet.sugarmill
[DEBUG] 2021-12-06 12:40:59,068 | /home/attiq/frappe-sugarmill/apps/frappe/frappe/utils/scheduler.py:
Site: gourmet.sugarmill
Queued events for site gourmet.sugarmill
[DEBUG] 2021-12-06 12:41:59,363 | /home/attiq/frappe-sugarmill/apps/frappe/frappe/utils/scheduler.py:
Site: gourmet.sugarmill
Queued events for site gourmet.sugarmill
[DEBUG] 2021-12-06 12:42:59,514 | /home/attiq/frappe-sugarmill/apps/frappe/frappe/utils/scheduler.py:
Site: gourmet.sugarmill
Queued events for site gourmet.sugarmill
[DEBUG] 2021-12-06 12:43:59,710 | /home/attiq/frappe-sugarmill/apps/frappe/frappe/utils/scheduler.py:
Site: gourmet.sugarmill
Queued events for site gourmet.sugarmill
[DEBUG] 2021-12-06 12:44:59,872 | /home/attiq/frappe-sugarmill/apps/frappe/frappe/utils/scheduler.py:
Site: gourmet.sugarmill
Queued events for site gourmet.sugarmill
[DEBUG] 2021-12-06 12:46:00,022 | /home/attiq/frappe-sugarmill/apps/frappe/frappe/utils/scheduler.py:
Site: gourmet.sugarmill
Queued events for site gourmet.sugarmill
[DEBUG] 2021-12-06 12:47:00,165 | /home/attiq/frappe-sugarmill/apps/frappe/frappe/utils/scheduler.py:
Site: gourmet.sugarmill
Queued events for site gourmet.sugarmill
[DEBUG] 2021-12-06 12:48:00,397 | /home/attiq/frappe-sugarmill/apps/frappe/frappe/utils/scheduler.py:
Site: gourmet.sugarmill
Queued events for site gourmet.sugarmill
[DEBUG] 2021-12-06 12:49:00,570 | /home/attiq/frappe-sugarmill/apps/frappe/frappe/utils/scheduler.py:
Site: gourmet.sugarmill
Queued events for site gourmet.sugarmill
[DEBUG] 2021-12-06 12:50:00,735 | /home/attiq/frappe-sugarmill/apps/frappe/frappe/utils/scheduler.py:
Site: gourmet.sugarmill
Queued events for site gourmet.sugarmill
[DEBUG] 2021-12-06 12:51:00,954 | /home/attiq/frappe-sugarmill/apps/frappe/frappe/utils/scheduler.py:
Site: gourmet.sugarmill
Queued events for site gourmet.sugarmill
[DEBUG] 2021-12-06 12:52:01,128 | /home/attiq/frappe-sugarmill/apps/frappe/frappe/utils/scheduler.py:
Site: gourmet.sugarmill
Queued events for site gourmet.sugarmill
[DEBUG] 2021-12-06 12:53:01,269 | /home/attiq/frappe-sugarmill/apps/frappe/frappe/utils/scheduler.py:
Site: gourmet.sugarmill
Queued events for site gourmet.sugarmill
[DEBUG] 2021-12-06 12:54:01,416 | /home/attiq/frappe-sugarmill/apps/frappe/frappe/utils/scheduler.py:
Site: gourmet.sugarmill
Queued events for site gourmet.sugarmill
[DEBUG] 2021-12-06 12:55:01,567 | /home/attiq/frappe-sugarmill/apps/frappe/frappe/utils/scheduler.py:
Site: gourmet.sugarmill
Queued events for site gourmet.sugarmill
[DEBUG] 2021-12-06 12:56:01,733 | /home/attiq/frappe-sugarmill/apps/frappe/frappe/utils/scheduler.py:
Site: gourmet.sugarmill
Queued events for site gourmet.sugarmill
[DEBUG] 2021-12-06 12:57:01,875 | /home/attiq/frappe-sugarmill/apps/frappe/frappe/utils/scheduler.py:
Site: gourmet.sugarmill
Queued events for site gourmet.sugarmill
[DEBUG] 2021-12-06 12:58:02,008 | /home/attiq/frappe-sugarmill/apps/frappe/frappe/utils/scheduler.py:
Site: gourmet.sugarmill
Queued events for site gourmet.sugarmill
[DEBUG] 2021-12-06 12:59:02,133 | /home/attiq/frappe-sugarmill/apps/frappe/frappe/utils/scheduler.py:
Site: gourmet.sugarmill
Queued events for site gourmet.sugarmill
[DEBUG] 2021-12-06 13:00:02,306 | /home/attiq/frappe-sugarmill/apps/frappe/frappe/utils/scheduler.py:
Site: gourmet.sugarmill
Queued events for site gourmet.sugarmill
[DEBUG] 2021-12-06 13:01:02,453 | /home/attiq/frappe-sugarmill/apps/frappe/frappe/utils/scheduler.py:
Site: gourmet.sugarmill
Queued events for site gourmet.sugarmill
[DEBUG] 2021-12-06 13:02:02,615 | /home/attiq/frappe-sugarmill/apps/frappe/frappe/utils/scheduler.py:
Site: gourmet.sugarmill
Queued events for site gourmet.sugarmill
[DEBUG] 2021-12-06 13:03:02,785 | /home/attiq/frappe-sugarmill/apps/frappe/frappe/utils/scheduler.py:
Site: gourmet.sugarmill
Queued events for site gourmet.sugarmill
[DEBUG] 2021-12-06 13:04:02,957 | /home/attiq/frappe-sugarmill/apps/frappe/frappe/utils/scheduler.py:
Site: gourmet.sugarmill
Queued events for site gourmet.sugarmill
[DEBUG] 2021-12-06 13:05:03,135 | /home/attiq/frappe-sugarmill/apps/frappe/frappe/utils/scheduler.py:
Site: gourmet.sugarmill
Queued events for site gourmet.sugarmill
[DEBUG] 2021-12-06 13:06:03,303 | /home/attiq/frappe-sugarmill/apps/frappe/frappe/utils/scheduler.py:
Site: gourmet.sugarmill
Queued events for site gourmet.sugarmill
[DEBUG] 2021-12-06 13:07:03,476 | /home/attiq/frappe-sugarmill/apps/frappe/frappe/utils/scheduler.py:
Site: gourmet.sugarmill
Queued events for site gourmet.sugarmill
[DEBUG] 2021-12-06 13:08:03,662 | /home/attiq/frappe-sugarmill/apps/frappe/frappe/utils/scheduler.py:
Site: gourmet.sugarmill
Queued events for site gourmet.sugarmill
[DEBUG] 2021-12-06 13:09:03,847 | /home/attiq/frappe-sugarmill/apps/frappe/frappe/utils/scheduler.py:
Site: gourmet.sugarmill
Queued events for site gourmet.sugarmill
[DEBUG] 2021-12-06 13:10:04,007 | /home/attiq/frappe-sugarmill/apps/frappe/frappe/utils/scheduler.py:
Site: gourmet.sugarmill
Queued events for site gourmet.sugarmill
[DEBUG] 2021-12-06 13:11:04,161 | /home/attiq/frappe-sugarmill/apps/frappe/frappe/utils/scheduler.py:
Site: gourmet.sugarmill
Queued events for site gourmet.sugarmill
[DEBUG] 2021-12-06 13:12:04,325 | /home/attiq/frappe-sugarmill/apps/frappe/frappe/utils/scheduler.py:
Site: gourmet.sugarmill
Queued events for site gourmet.sugarmill
[DEBUG] 2021-12-06 13:13:04,470 | /home/attiq/frappe-sugarmill/apps/frappe/frappe/utils/scheduler.py:
Site: gourmet.sugarmill
Queued events for site gourmet.sugarmill
[DEBUG] 2021-12-06 13:14:04,645 | /home/attiq/frappe-sugarmill/apps/frappe/frappe/utils/scheduler.py:
Site: gourmet.sugarmill
Queued events for site gourmet.sugarmill
[DEBUG] 2021-12-06 13:15:04,800 | /home/attiq/frappe-sugarmill/apps/frappe/frappe/utils/scheduler.py:
Site: gourmet.sugarmill
Queued events for site gourmet.sugarmill
[DEBUG] 2021-12-06 13:16:04,959 | /home/attiq/frappe-sugarmill/apps/frappe/frappe/utils/scheduler.py:
Site: gourmet.sugarmill
Queued events for site gourmet.sugarmill
[DEBUG] 2021-12-06 13:17:05,097 | /home/attiq/frappe-sugarmill/apps/frappe/frappe/utils/scheduler.py:
Site: gourmet.sugarmill
Queued events for site gourmet.sugarmill
[DEBUG] 2021-12-06 13:18:05,216 | /home/attiq/frappe-sugarmill/apps/frappe/frappe/utils/scheduler.py:
Site: gourmet.sugarmill
Queued events for site gourmet.sugarmill
[DEBUG] 2021-12-06 13:19:05,537 | /home/attiq/frappe-sugarmill/apps/frappe/frappe/utils/scheduler.py:
Site: gourmet.sugarmill
Queued events for site gourmet.sugarmill
[DEBUG] 2021-12-06 13:20:05,664 | /home/attiq/frappe-sugarmill/apps/frappe/frappe/utils/scheduler.py:
Site: gourmet.sugarmill
Queued events for site gourmet.sugarmill
[DEBUG] 2021-12-06 13:21:05,774 | /home/attiq/frappe-sugarmill/apps/frappe/frappe/utils/scheduler.py:
Site: gourmet.sugarmill
Queued events for site gourmet.sugarmill
[DEBUG] 2021-12-06 13:22:05,915 | /home/attiq/frappe-sugarmill/apps/frappe/frappe/utils/scheduler.py:
Site: gourmet.sugarmill
Queued events for site gourmet.sugarmill
[DEBUG] 2021-12-06 13:23:06,038 | /home/attiq/frappe-sugarmill/apps/frappe/frappe/utils/scheduler.py:
Site: gourmet.sugarmill
Queued events for site gourmet.sugarmill
[DEBUG] 2021-12-06 13:24:06,175 | /home/attiq/frappe-sugarmill/apps/frappe/frappe/utils/scheduler.py:
Site: gourmet.sugarmill
Queued events for site gourmet.sugarmill
[DEBUG] 2021-12-06 13:25:06,329 | /home/attiq/frappe-sugarmill/apps/frappe/frappe/utils/scheduler.py:
Site: gourmet.sugarmill
Queued events for site gourmet.sugarmill
[DEBUG] 2021-12-06 13:26:06,450 | /home/attiq/frappe-sugarmill/apps/frappe/frappe/utils/scheduler.py:
Site: gourmet.sugarmill
Queued events for site gourmet.sugarmill
[DEBUG] 2021-12-06 13:27:06,585 | /home/attiq/frappe-sugarmill/apps/frappe/frappe/utils/scheduler.py:
Site: gourmet.sugarmill
Queued events for site gourmet.sugarmill
[DEBUG] 2021-12-06 13:28:06,706 | /home/attiq/frappe-sugarmill/apps/frappe/frappe/utils/scheduler.py:
Site: gourmet.sugarmill
Queued events for site gourmet.sugarmill
[DEBUG] 2021-12-06 13:29:06,826 | /home/attiq/frappe-sugarmill/apps/frappe/frappe/utils/scheduler.py:
Site: gourmet.sugarmill
Queued events for site gourmet.sugarmill
[DEBUG] 2021-12-06 13:30:07,952 | /home/attiq/frappe-sugarmill/apps/frappe/frappe/utils/scheduler.py:
Site: gourmet.sugarmill
Queued events for site gourmet.sugarmill
[DEBUG] 2021-12-06 13:31:08,078 | /home/attiq/frappe-sugarmill/apps/frappe/frappe/utils/scheduler.py:
Site: gourmet.sugarmill
Queued events for site gourmet.sugarmill
[DEBUG] 2021-12-06 13:32:08,214 | /home/attiq/frappe-sugarmill/apps/frappe/frappe/utils/scheduler.py:
Site: gourmet.sugarmill
Queued events for site gourmet.sugarmill
[DEBUG] 2021-12-06 13:33:08,348 | /home/attiq/frappe-sugarmill/apps/frappe/frappe/utils/scheduler.py:
Site: gourmet.sugarmill
Queued events for site gourmet.sugarmill
[DEBUG] 2021-12-06 13:34:08,484 | /home/attiq/frappe-sugarmill/apps/frappe/frappe/utils/scheduler.py:
Site: gourmet.sugarmill
Queued events for site gourmet.sugarmill
[DEBUG] 2021-12-06 13:35:08,604 | /home/attiq/frappe-sugarmill/apps/frappe/frappe/utils/scheduler.py:
Site: gourmet.sugarmill
Queued events for site gourmet.sugarmill
[DEBUG] 2021-12-06 13:36:08,741 | /home/attiq/frappe-sugarmill/apps/frappe/frappe/utils/scheduler.py:
Site: gourmet.sugarmill
Queued events for site gourmet.sugarmill
[DEBUG] 2021-12-06 13:37:08,856 | /home/attiq/frappe-sugarmill/apps/frappe/frappe/utils/scheduler.py:
Site: gourmet.sugarmill
Queued events for site gourmet.sugarmill
[DEBUG] 2021-12-06 13:38:08,968 | /home/attiq/frappe-sugarmill/apps/frappe/frappe/utils/scheduler.py:
Site: gourmet.sugarmill
Queued events for site gourmet.sugarmill
[DEBUG] 2021-12-06 13:39:09,086 | /home/attiq/frappe-sugarmill/apps/frappe/frappe/utils/scheduler.py:
Site: gourmet.sugarmill
Queued events for site gourmet.sugarmill
[DEBUG] 2021-12-06 13:40:09,224 | /home/attiq/frappe-sugarmill/apps/frappe/frappe/utils/scheduler.py:
Site: gourmet.sugarmill
Queued events for site gourmet.sugarmill
[DEBUG] 2021-12-06 13:41:09,344 | /home/attiq/frappe-sugarmill/apps/frappe/frappe/utils/scheduler.py:
Site: gourmet.sugarmill
Queued events for site gourmet.sugarmill
[DEBUG] 2021-12-06 13:42:09,445 | /home/attiq/frappe-sugarmill/apps/frappe/frappe/utils/scheduler.py:
Site: gourmet.sugarmill
Queued events for site gourmet.sugarmill
[DEBUG] 2021-12-06 13:43:09,566 | /home/attiq/frappe-sugarmill/apps/frappe/frappe/utils/scheduler.py:
Site: gourmet.sugarmill
Queued events for site gourmet.sugarmill
[DEBUG] 2021-12-06 13:44:09,690 | /home/attiq/frappe-sugarmill/apps/frappe/frappe/utils/scheduler.py:
Site: gourmet.sugarmill
Queued events for site gourmet.sugarmill
[DEBUG] 2021-12-06 13:45:09,808 | /home/attiq/frappe-sugarmill/apps/frappe/frappe/utils/scheduler.py:
Site: gourmet.sugarmill
Queued events for site gourmet.sugarmill
[DEBUG] 2021-12-06 13:46:09,926 | /home/attiq/frappe-sugarmill/apps/frappe/frappe/utils/scheduler.py:
Site: gourmet.sugarmill
Queued events for site gourmet.sugarmill
[DEBUG] 2021-12-06 13:47:10,054 | /home/attiq/frappe-sugarmill/apps/frappe/frappe/utils/scheduler.py:
Site: gourmet.sugarmill
Queued events for site gourmet.sugarmill
[DEBUG] 2021-12-06 13:48:10,188 | /home/attiq/frappe-sugarmill/apps/frappe/frappe/utils/scheduler.py:
Site: gourmet.sugarmill
Queued events for site gourmet.sugarmill
[DEBUG] 2021-12-06 13:49:10,294 | /home/attiq/frappe-sugarmill/apps/frappe/frappe/utils/scheduler.py:
Site: gourmet.sugarmill
Queued events for site gourmet.sugarmill
[DEBUG] 2021-12-06 13:50:10,419 | /home/attiq/frappe-sugarmill/apps/frappe/frappe/utils/scheduler.py:
Site: gourmet.sugarmill
Queued events for site gourmet.sugarmill
[DEBUG] 2021-12-06 13:51:10,541 | /home/attiq/frappe-sugarmill/apps/frappe/frappe/utils/scheduler.py:
Site: gourmet.sugarmill
Queued events for site gourmet.sugarmill
[DEBUG] 2021-12-06 13:52:10,668 | /home/attiq/frappe-sugarmill/apps/frappe/frappe/utils/scheduler.py:
Site: gourmet.sugarmill
Queued events for site gourmet.sugarmill
[DEBUG] 2021-12-06 13:53:10,791 | /home/attiq/frappe-sugarmill/apps/frappe/frappe/utils/scheduler.py:
Site: gourmet.sugarmill
Queued events for site gourmet.sugarmill
[DEBUG] 2021-12-06 13:54:10,907 | /home/attiq/frappe-sugarmill/apps/frappe/frappe/utils/scheduler.py:
Site: gourmet.sugarmill
Queued events for site gourmet.sugarmill
[DEBUG] 2021-12-06 13:55:11,021 | /home/attiq/frappe-sugarmill/apps/frappe/frappe/utils/scheduler.py:
Site: gourmet.sugarmill
Queued events for site gourmet.sugarmill
[DEBUG] 2021-12-06 13:56:11,153 | /home/attiq/frappe-sugarmill/apps/frappe/frappe/utils/scheduler.py:
Site: gourmet.sugarmill
Queued events for site gourmet.sugarmill
[DEBUG] 2021-12-06 13:57:11,272 | /home/attiq/frappe-sugarmill/apps/frappe/frappe/utils/scheduler.py:
Site: gourmet.sugarmill
Queued events for site gourmet.sugarmill
[DEBUG] 2021-12-06 13:58:11,392 | /home/attiq/frappe-sugarmill/apps/frappe/frappe/utils/scheduler.py:
Site: gourmet.sugarmill
Queued events for site gourmet.sugarmill
[DEBUG] 2021-12-06 13:59:11,511 | /home/attiq/frappe-sugarmill/apps/frappe/frappe/utils/scheduler.py:
Site: gourmet.sugarmill
Queued events for site gourmet.sugarmill
[DEBUG] 2021-12-06 14:00:11,687 | /home/attiq/frappe-sugarmill/apps/frappe/frappe/utils/scheduler.py:
Site: gourmet.sugarmill
Queued events for site gourmet.sugarmill
[DEBUG] 2021-12-06 14:01:11,810 | /home/attiq/frappe-sugarmill/apps/frappe/frappe/utils/scheduler.py:
Site: gourmet.sugarmill
Queued events for site gourmet.sugarmill
[DEBUG] 2021-12-06 14:02:11,948 | /home/attiq/frappe-sugarmill/apps/frappe/frappe/utils/scheduler.py:
Site: gourmet.sugarmill
Queued events for site gourmet.sugarmill
[DEBUG] 2021-12-06 14:03:12,070 | /home/attiq/frappe-sugarmill/apps/frappe/frappe/utils/scheduler.py:
Site: gourmet.sugarmill
Queued events for site gourmet.sugarmill
[DEBUG] 2021-12-06 14:04:12,221 | /home/attiq/frappe-sugarmill/apps/frappe/frappe/utils/scheduler.py:
Site: gourmet.sugarmill
Queued events for site gourmet.sugarmill
[DEBUG] 2021-12-06 14:05:12,352 | /home/attiq/frappe-sugarmill/apps/frappe/frappe/utils/scheduler.py:
Site: gourmet.sugarmill
Queued events for site gourmet.sugarmill
[DEBUG] 2021-12-06 14:06:12,500 | /home/attiq/frappe-sugarmill/apps/frappe/frappe/utils/scheduler.py:
Site: gourmet.sugarmill
Queued events for site gourmet.sugarmill
[DEBUG] 2021-12-06 14:07:12,640 | /home/attiq/frappe-sugarmill/apps/frappe/frappe/utils/scheduler.py:
Site: gourmet.sugarmill
Queued events for site gourmet.sugarmill
[DEBUG] 2021-12-06 14:08:12,795 | /home/attiq/frappe-sugarmill/apps/frappe/frappe/utils/scheduler.py:
Site: gourmet.sugarmill
Queued events for site gourmet.sugarmill
[DEBUG] 2021-12-06 14:09:12,932 | /home/attiq/frappe-sugarmill/apps/frappe/frappe/utils/scheduler.py:
Site: gourmet.sugarmill
Queued events for site gourmet.sugarmill
[DEBUG] 2021-12-06 14:10:13,093 | /home/attiq/frappe-sugarmill/apps/frappe/frappe/utils/scheduler.py:
Site: gourmet.sugarmill
Queued events for site gourmet.sugarmill
[DEBUG] 2021-12-06 14:11:13,260 | /home/attiq/frappe-sugarmill/apps/frappe/frappe/utils/scheduler.py:
Site: gourmet.sugarmill
Queued events for site gourmet.sugarmill
[DEBUG] 2021-12-06 14:12:13,423 | /home/attiq/frappe-sugarmill/apps/frappe/frappe/utils/scheduler.py:
Site: gourmet.sugarmill
Queued events for site gourmet.sugarmill
[DEBUG] 2021-12-06 14:13:13,565 | /home/attiq/frappe-sugarmill/apps/frappe/frappe/utils/scheduler.py:
Site: gourmet.sugarmill
Queued events for site gourmet.sugarmill
[DEBUG] 2021-12-06 14:14:13,719 | /home/attiq/frappe-sugarmill/apps/frappe/frappe/utils/scheduler.py:
Site: gourmet.sugarmill
Queued events for site gourmet.sugarmill
[DEBUG] 2021-12-06 14:15:13,869 | /home/attiq/frappe-sugarmill/apps/frappe/frappe/utils/scheduler.py:
Site: gourmet.sugarmill
Queued events for site gourmet.sugarmill
[DEBUG] 2021-12-06 14:16:14,045 | /home/attiq/frappe-sugarmill/apps/frappe/frappe/utils/scheduler.py:
Site: gourmet.sugarmill
Queued events for site gourmet.sugarmill
[DEBUG] 2021-12-06 14:17:14,193 | /home/attiq/frappe-sugarmill/apps/frappe/frappe/utils/scheduler.py:
Site: gourmet.sugarmill
Queued events for site gourmet.sugarmill
[DEBUG] 2021-12-06 14:18:14,334 | /home/attiq/frappe-sugarmill/apps/frappe/frappe/utils/scheduler.py:
Site: gourmet.sugarmill
Queued events for site gourmet.sugarmill
[DEBUG] 2021-12-06 14:19:14,482 | /home/attiq/frappe-sugarmill/apps/frappe/frappe/utils/scheduler.py:
Site: gourmet.sugarmill
Queued events for site gourmet.sugarmill
[DEBUG] 2021-12-06 14:20:14,648 | /home/attiq/frappe-sugarmill/apps/frappe/frappe/utils/scheduler.py:
Site: gourmet.sugarmill
Queued events for site gourmet.sugarmill
[DEBUG] 2021-12-06 14:21:14,813 | /home/attiq/frappe-sugarmill/apps/frappe/frappe/utils/scheduler.py:
Site: gourmet.sugarmill
Queued events for site gourmet.sugarmill
[DEBUG] 2021-12-06 14:22:14,945 | /home/attiq/frappe-sugarmill/apps/frappe/frappe/utils/scheduler.py:
Site: gourmet.sugarmill
Queued events for site gourmet.sugarmill
[DEBUG] 2021-12-06 14:23:15,098 | /home/attiq/frappe-sugarmill/apps/frappe/frappe/utils/scheduler.py:
Site: gourmet.sugarmill
Queued events for site gourmet.sugarmill
[DEBUG] 2021-12-06 14:24:15,270 | /home/attiq/frappe-sugarmill/apps/frappe/frappe/utils/scheduler.py:
Site: gourmet.sugarmill
Queued events for site gourmet.sugarmill
[DEBUG] 2021-12-06 14:25:15,426 | /home/attiq/frappe-sugarmill/apps/frappe/frappe/utils/scheduler.py:
Site: gourmet.sugarmill
Queued events for site gourmet.sugarmill
[DEBUG] 2021-12-06 14:26:15,574 | /home/attiq/frappe-sugarmill/apps/frappe/frappe/utils/scheduler.py:
Site: gourmet.sugarmill
Queued events for site gourmet.sugarmill
[DEBUG] 2021-12-06 14:27:15,729 | /home/attiq/frappe-sugarmill/apps/frappe/frappe/utils/scheduler.py:
Site: gourmet.sugarmill
Queued events for site gourmet.sugarmill
[DEBUG] 2021-12-06 14:28:15,927 | /home/attiq/frappe-sugarmill/apps/frappe/frappe/utils/scheduler.py:
Site: gourmet.sugarmill
Queued events for site gourmet.sugarmill
[DEBUG] 2021-12-06 14:29:16,063 | /home/attiq/frappe-sugarmill/apps/frappe/frappe/utils/scheduler.py:
Site: gourmet.sugarmill
Queued events for site gourmet.sugarmill
[DEBUG] 2021-12-06 14:30:16,213 | /home/attiq/frappe-sugarmill/apps/frappe/frappe/utils/scheduler.py:
Site: gourmet.sugarmill
Queued events for site gourmet.sugarmill
[DEBUG] 2021-12-06 14:31:16,336 | /home/attiq/frappe-sugarmill/apps/frappe/frappe/utils/scheduler.py:
Site: gourmet.sugarmill
Queued events for site gourmet.sugarmill
[DEBUG] 2021-12-06 14:32:16,515 | /home/attiq/frappe-sugarmill/apps/frappe/frappe/utils/scheduler.py:
Site: gourmet.sugarmill
Queued events for site gourmet.sugarmill
[DEBUG] 2021-12-06 14:33:16,665 | /home/attiq/frappe-sugarmill/apps/frappe/frappe/utils/scheduler.py:
Site: gourmet.sugarmill
Queued events for site gourmet.sugarmill
[DEBUG] 2021-12-06 14:34:16,810 | /home/attiq/frappe-sugarmill/apps/frappe/frappe/utils/scheduler.py:
Site: gourmet.sugarmill
Queued events for site gourmet.sugarmill
[DEBUG] 2021-12-06 14:35:16,962 | /home/attiq/frappe-sugarmill/apps/frappe/frappe/utils/scheduler.py:
Site: gourmet.sugarmill
Queued events for site gourmet.sugarmill
[DEBUG] 2021-12-06 14:36:17,126 | /home/attiq/frappe-sugarmill/apps/frappe/frappe/utils/scheduler.py:
Site: gourmet.sugarmill
Queued events for site gourmet.sugarmill
[DEBUG] 2021-12-06 14:37:17,288 | /home/attiq/frappe-sugarmill/apps/frappe/frappe/utils/scheduler.py:
Site: gourmet.sugarmill
Queued events for site gourmet.sugarmill
[DEBUG] 2021-12-06 14:38:17,431 | /home/attiq/frappe-sugarmill/apps/frappe/frappe/utils/scheduler.py:
Site: gourmet.sugarmill
Queued events for site gourmet.sugarmill
[DEBUG] 2021-12-06 14:39:17,578 | /home/attiq/frappe-sugarmill/apps/frappe/frappe/utils/scheduler.py:
Site: gourmet.sugarmill
Queued events for site gourmet.sugarmill
[DEBUG] 2021-12-06 14:40:17,738 | /home/attiq/frappe-sugarmill/apps/frappe/frappe/utils/scheduler.py:
Site: gourmet.sugarmill
Queued events for site gourmet.sugarmill
[DEBUG] 2021-12-06 14:41:17,879 | /home/attiq/frappe-sugarmill/apps/frappe/frappe/utils/scheduler.py:
Site: gourmet.sugarmill
Queued events for site gourmet.sugarmill
[DEBUG] 2021-12-06 14:42:18,028 | /home/attiq/frappe-sugarmill/apps/frappe/frappe/utils/scheduler.py:
Site: gourmet.sugarmill
Queued events for site gourmet.sugarmill
[DEBUG] 2021-12-06 14:43:18,175 | /home/attiq/frappe-sugarmill/apps/frappe/frappe/utils/scheduler.py:
Site: gourmet.sugarmill
Queued events for site gourmet.sugarmill
[DEBUG] 2021-12-06 14:44:18,359 | /home/attiq/frappe-sugarmill/apps/frappe/frappe/utils/scheduler.py:
Site: gourmet.sugarmill
Queued events for site gourmet.sugarmill
[DEBUG] 2021-12-06 14:45:18,500 | /home/attiq/frappe-sugarmill/apps/frappe/frappe/utils/scheduler.py:
Site: gourmet.sugarmill
Queued events for site gourmet.sugarmill
[DEBUG] 2021-12-06 14:46:18,654 | /home/attiq/frappe-sugarmill/apps/frappe/frappe/utils/scheduler.py:
Site: gourmet.sugarmill
Queued events for site gourmet.sugarmill
[DEBUG] 2021-12-06 14:47:18,802 | /home/attiq/frappe-sugarmill/apps/frappe/frappe/utils/scheduler.py:
Site: gourmet.sugarmill
Queued events for site gourmet.sugarmill
[DEBUG] 2021-12-06 14:48:18,997 | /home/attiq/frappe-sugarmill/apps/frappe/frappe/utils/scheduler.py:
Site: gourmet.sugarmill
Queued events for site gourmet.sugarmill
[DEBUG] 2021-12-06 14:49:19,156 | /home/attiq/frappe-sugarmill/apps/frappe/frappe/utils/scheduler.py:
Site: gourmet.sugarmill
Queued events for site gourmet.sugarmill
[DEBUG] 2021-12-06 14:50:19,328 | /home/attiq/frappe-sugarmill/apps/frappe/frappe/utils/scheduler.py:
Site: gourmet.sugarmill
Queued events for site gourmet.sugarmill
[DEBUG] 2021-12-06 14:51:19,474 | /home/attiq/frappe-sugarmill/apps/frappe/frappe/utils/scheduler.py:
Site: gourmet.sugarmill
Queued events for site gourmet.sugarmill
[DEBUG] 2021-12-06 14:52:19,630 | /home/attiq/frappe-sugarmill/apps/frappe/frappe/utils/scheduler.py:
Site: gourmet.sugarmill
Queued events for site gourmet.sugarmill
[DEBUG] 2021-12-06 14:53:19,768 | /home/attiq/frappe-sugarmill/apps/frappe/frappe/utils/scheduler.py:
Site: gourmet.sugarmill
Queued events for site gourmet.sugarmill
[DEBUG] 2021-12-06 14:54:19,989 | /home/attiq/frappe-sugarmill/apps/frappe/frappe/utils/scheduler.py:
Site: gourmet.sugarmill
Queued events for site gourmet.sugarmill
[DEBUG] 2021-12-06 14:55:20,125 | /home/attiq/frappe-sugarmill/apps/frappe/frappe/utils/scheduler.py:
Site: gourmet.sugarmill
Queued events for site gourmet.sugarmill
[DEBUG] 2021-12-06 14:56:20,323 | /home/attiq/frappe-sugarmill/apps/frappe/frappe/utils/scheduler.py:
Site: gourmet.sugarmill
Queued events for site gourmet.sugarmill
[DEBUG] 2021-12-06 14:57:20,486 | /home/attiq/frappe-sugarmill/apps/frappe/frappe/utils/scheduler.py:
Site: gourmet.sugarmill
Queued events for site gourmet.sugarmill
[DEBUG] 2021-12-06 14:58:20,650 | /home/attiq/frappe-sugarmill/apps/frappe/frappe/utils/scheduler.py:
Site: gourmet.sugarmill
Queued events for site gourmet.sugarmill
[DEBUG] 2021-12-06 14:59:20,830 | /home/attiq/frappe-sugarmill/apps/frappe/frappe/utils/scheduler.py:
Site: gourmet.sugarmill
Queued events for site gourmet.sugarmill
[DEBUG] 2021-12-06 15:00:21,007 | /home/attiq/frappe-sugarmill/apps/frappe/frappe/utils/scheduler.py:
Site: gourmet.sugarmill
Queued events for site gourmet.sugarmill
[DEBUG] 2021-12-06 15:01:21,153 | /home/attiq/frappe-sugarmill/apps/frappe/frappe/utils/scheduler.py:
Site: gourmet.sugarmill
Queued events for site gourmet.sugarmill
[DEBUG] 2021-12-06 15:02:21,322 | /home/attiq/frappe-sugarmill/apps/frappe/frappe/utils/scheduler.py:
Site: gourmet.sugarmill
Queued events for site gourmet.sugarmill
[DEBUG] 2021-12-06 15:03:21,466 | /home/attiq/frappe-sugarmill/apps/frappe/frappe/utils/scheduler.py:
Site: gourmet.sugarmill
Queued events for site gourmet.sugarmill
[DEBUG] 2021-12-06 15:04:21,643 | /home/attiq/frappe-sugarmill/apps/frappe/frappe/utils/scheduler.py:
Site: gourmet.sugarmill
Queued events for site gourmet.sugarmill
[DEBUG] 2021-12-06 15:05:21,813 | /home/attiq/frappe-sugarmill/apps/frappe/frappe/utils/scheduler.py:
Site: gourmet.sugarmill
Queued events for site gourmet.sugarmill
[DEBUG] 2021-12-06 15:06:22,999 | /home/attiq/frappe-sugarmill/apps/frappe/frappe/utils/scheduler.py:
Site: gourmet.sugarmill
Queued events for site gourmet.sugarmill
[DEBUG] 2021-12-06 15:07:23,145 | /home/attiq/frappe-sugarmill/apps/frappe/frappe/utils/scheduler.py:
Site: gourmet.sugarmill
Queued events for site gourmet.sugarmill
[DEBUG] 2021-12-06 15:08:23,323 | /home/attiq/frappe-sugarmill/apps/frappe/frappe/utils/scheduler.py:
Site: gourmet.sugarmill
Queued events for site gourmet.sugarmill
[DEBUG] 2021-12-06 15:09:23,475 | /home/attiq/frappe-sugarmill/apps/frappe/frappe/utils/scheduler.py:
Site: gourmet.sugarmill
Queued events for site gourmet.sugarmill
[DEBUG] 2021-12-06 15:10:23,632 | /home/attiq/frappe-sugarmill/apps/frappe/frappe/utils/scheduler.py:
Site: gourmet.sugarmill
Queued events for site gourmet.sugarmill
[DEBUG] 2021-12-06 15:11:23,791 | /home/attiq/frappe-sugarmill/apps/frappe/frappe/utils/scheduler.py:
Site: gourmet.sugarmill
Queued events for site gourmet.sugarmill
[DEBUG] 2021-12-06 15:12:23,958 | /home/attiq/frappe-sugarmill/apps/frappe/frappe/utils/scheduler.py:
Site: gourmet.sugarmill
Queued events for site gourmet.sugarmill
[DEBUG] 2021-12-06 15:13:24,098 | /home/attiq/frappe-sugarmill/apps/frappe/frappe/utils/scheduler.py:
Site: gourmet.sugarmill
Queued events for site gourmet.sugarmill
[DEBUG] 2021-12-06 15:14:24,259 | /home/attiq/frappe-sugarmill/apps/frappe/frappe/utils/scheduler.py:
Site: gourmet.sugarmill
Queued events for site gourmet.sugarmill
[DEBUG] 2021-12-06 15:15:24,416 | /home/attiq/frappe-sugarmill/apps/frappe/frappe/utils/scheduler.py:
Site: gourmet.sugarmill
Queued events for site gourmet.sugarmill
[DEBUG] 2021-12-06 15:16:24,599 | /home/attiq/frappe-sugarmill/apps/frappe/frappe/utils/scheduler.py:
Site: gourmet.sugarmill
Queued events for site gourmet.sugarmill
[DEBUG] 2021-12-06 15:17:24,747 | /home/attiq/frappe-sugarmill/apps/frappe/frappe/utils/scheduler.py:
Site: gourmet.sugarmill
Queued events for site gourmet.sugarmill
[DEBUG] 2021-12-06 15:18:24,890 | /home/attiq/frappe-sugarmill/apps/frappe/frappe/utils/scheduler.py:
Site: gourmet.sugarmill
Queued events for site gourmet.sugarmill
[DEBUG] 2021-12-06 15:19:25,239 | /home/attiq/frappe-sugarmill/apps/frappe/frappe/utils/scheduler.py:
Site: gourmet.sugarmill
Queued events for site gourmet.sugarmill
[DEBUG] 2021-12-06 15:20:25,423 | /home/attiq/frappe-sugarmill/apps/frappe/frappe/utils/scheduler.py:
Site: gourmet.sugarmill
Queued events for site gourmet.sugarmill
[DEBUG] 2021-12-06 15:21:25,557 | /home/attiq/frappe-sugarmill/apps/frappe/frappe/utils/scheduler.py:
Site: gourmet.sugarmill
Queued events for site gourmet.sugarmill
[DEBUG] 2021-12-06 15:22:25,715 | /home/attiq/frappe-sugarmill/apps/frappe/frappe/utils/scheduler.py:
Site: gourmet.sugarmill
Queued events for site gourmet.sugarmill
[DEBUG] 2021-12-06 15:23:25,875 | /home/attiq/frappe-sugarmill/apps/frappe/frappe/utils/scheduler.py:
Site: gourmet.sugarmill
Queued events for site gourmet.sugarmill
[DEBUG] 2021-12-06 15:24:26,042 | /home/attiq/frappe-sugarmill/apps/frappe/frappe/utils/scheduler.py:
Site: gourmet.sugarmill
Queued events for site gourmet.sugarmill
[DEBUG] 2021-12-06 15:25:26,197 | /home/attiq/frappe-sugarmill/apps/frappe/frappe/utils/scheduler.py:
Site: gourmet.sugarmill
Queued events for site gourmet.sugarmill
[DEBUG] 2021-12-06 15:26:26,387 | /home/attiq/frappe-sugarmill/apps/frappe/frappe/utils/scheduler.py:
Site: gourmet.sugarmill
Queued events for site gourmet.sugarmill
[DEBUG] 2021-12-06 15:27:26,563 | /home/attiq/frappe-sugarmill/apps/frappe/frappe/utils/scheduler.py:
Site: gourmet.sugarmill
Queued events for site gourmet.sugarmill
[DEBUG] 2021-12-06 15:28:26,717 | /home/attiq/frappe-sugarmill/apps/frappe/frappe/utils/scheduler.py:
Site: gourmet.sugarmill
Queued events for site gourmet.sugarmill
[DEBUG] 2021-12-06 15:29:26,875 | /home/attiq/frappe-sugarmill/apps/frappe/frappe/utils/scheduler.py:
Site: gourmet.sugarmill
Queued events for site gourmet.sugarmill
[DEBUG] 2021-12-06 15:30:27,021 | /home/attiq/frappe-sugarmill/apps/frappe/frappe/utils/scheduler.py:
Site: gourmet.sugarmill
Queued events for site gourmet.sugarmill
[DEBUG] 2021-12-06 15:31:27,179 | /home/attiq/frappe-sugarmill/apps/frappe/frappe/utils/scheduler.py:
Site: gourmet.sugarmill
Queued events for site gourmet.sugarmill
[DEBUG] 2021-12-06 15:32:27,327 | /home/attiq/frappe-sugarmill/apps/frappe/frappe/utils/scheduler.py:
Site: gourmet.sugarmill
Queued events for site gourmet.sugarmill
[DEBUG] 2021-12-06 15:33:27,680 | /home/attiq/frappe-sugarmill/apps/frappe/frappe/utils/scheduler.py:
Site: gourmet.sugarmill
Queued events for site gourmet.sugarmill
[DEBUG] 2021-12-06 15:34:27,820 | /home/attiq/frappe-sugarmill/apps/frappe/frappe/utils/scheduler.py:
Site: gourmet.sugarmill
Queued events for site gourmet.sugarmill
[DEBUG] 2021-12-06 15:35:27,977 | /home/attiq/frappe-sugarmill/apps/frappe/frappe/utils/scheduler.py:
Site: gourmet.sugarmill
Queued events for site gourmet.sugarmill
[DEBUG] 2021-12-06 15:36:28,173 | /home/attiq/frappe-sugarmill/apps/frappe/frappe/utils/scheduler.py:
Site: gourmet.sugarmill
Queued events for site gourmet.sugarmill
[DEBUG] 2021-12-06 15:37:28,317 | /home/attiq/frappe-sugarmill/apps/frappe/frappe/utils/scheduler.py:
Site: gourmet.sugarmill
Queued events for site gourmet.sugarmill
[DEBUG] 2021-12-06 15:38:28,475 | /home/attiq/frappe-sugarmill/apps/frappe/frappe/utils/scheduler.py:
Site: gourmet.sugarmill
Queued events for site gourmet.sugarmill
[DEBUG] 2021-12-06 15:39:28,633 | /home/attiq/frappe-sugarmill/apps/frappe/frappe/utils/scheduler.py:
Site: gourmet.sugarmill
Queued events for site gourmet.sugarmill
[DEBUG] 2021-12-06 15:40:28,800 | /home/attiq/frappe-sugarmill/apps/frappe/frappe/utils/scheduler.py:
Site: gourmet.sugarmill
Queued events for site gourmet.sugarmill
[DEBUG] 2021-12-06 15:41:28,932 | /home/attiq/frappe-sugarmill/apps/frappe/frappe/utils/scheduler.py:
Site: gourmet.sugarmill
Queued events for site gourmet.sugarmill
[DEBUG] 2021-12-06 15:42:29,078 | /home/attiq/frappe-sugarmill/apps/frappe/frappe/utils/scheduler.py:
Site: gourmet.sugarmill
Queued events for site gourmet.sugarmill
[DEBUG] 2021-12-06 15:43:29,221 | /home/attiq/frappe-sugarmill/apps/frappe/frappe/utils/scheduler.py:
Site: gourmet.sugarmill
Queued events for site gourmet.sugarmill
[DEBUG] 2021-12-06 15:44:29,585 | /home/attiq/frappe-sugarmill/apps/frappe/frappe/utils/scheduler.py:
Site: gourmet.sugarmill
Queued events for site gourmet.sugarmill
[DEBUG] 2021-12-06 15:45:29,742 | /home/attiq/frappe-sugarmill/apps/frappe/frappe/utils/scheduler.py:
Site: gourmet.sugarmill
Queued events for site gourmet.sugarmill
[DEBUG] 2021-12-06 15:46:29,897 | /home/attiq/frappe-sugarmill/apps/frappe/frappe/utils/scheduler.py:
Site: gourmet.sugarmill
Queued events for site gourmet.sugarmill
[DEBUG] 2021-12-06 15:47:30,049 | /home/attiq/frappe-sugarmill/apps/frappe/frappe/utils/scheduler.py:
Site: gourmet.sugarmill
Queued events for site gourmet.sugarmill
[DEBUG] 2021-12-06 15:48:30,421 | /home/attiq/frappe-sugarmill/apps/frappe/frappe/utils/scheduler.py:
Site: gourmet.sugarmill
Queued events for site gourmet.sugarmill
[DEBUG] 2021-12-06 15:49:30,576 | /home/attiq/frappe-sugarmill/apps/frappe/frappe/utils/scheduler.py:
Site: gourmet.sugarmill
Queued events for site gourmet.sugarmill
[DEBUG] 2021-12-06 15:50:30,723 | /home/attiq/frappe-sugarmill/apps/frappe/frappe/utils/scheduler.py:
Site: gourmet.sugarmill
Queued events for site gourmet.sugarmill
[DEBUG] 2021-12-06 15:51:30,862 | /home/attiq/frappe-sugarmill/apps/frappe/frappe/utils/scheduler.py:
Site: gourmet.sugarmill
Queued events for site gourmet.sugarmill
[DEBUG] 2021-12-06 15:52:31,032 | /home/attiq/frappe-sugarmill/apps/frappe/frappe/utils/scheduler.py:
Site: gourmet.sugarmill
Queued events for site gourmet.sugarmill
[DEBUG] 2021-12-06 15:53:31,178 | /home/attiq/frappe-sugarmill/apps/frappe/frappe/utils/scheduler.py:
Site: gourmet.sugarmill
Queued events for site gourmet.sugarmill
[DEBUG] 2021-12-06 15:54:31,321 | /home/attiq/frappe-sugarmill/apps/frappe/frappe/utils/scheduler.py:
Site: gourmet.sugarmill
Queued events for site gourmet.sugarmill
[DEBUG] 2021-12-06 15:55:31,673 | /home/attiq/frappe-sugarmill/apps/frappe/frappe/utils/scheduler.py:
Site: gourmet.sugarmill
Queued events for site gourmet.sugarmill
[DEBUG] 2021-12-06 15:56:31,842 | /home/attiq/frappe-sugarmill/apps/frappe/frappe/utils/scheduler.py:
Site: gourmet.sugarmill
Queued events for site gourmet.sugarmill
[DEBUG] 2021-12-06 15:57:32,385 | /home/attiq/frappe-sugarmill/apps/frappe/frappe/utils/scheduler.py:
Site: gourmet.sugarmill
Queued events for site gourmet.sugarmill
[DEBUG] 2021-12-06 15:58:32,743 | /home/attiq/frappe-sugarmill/apps/frappe/frappe/utils/scheduler.py:
Site: gourmet.sugarmill
Queued events for site gourmet.sugarmill
[DEBUG] 2021-12-06 15:59:32,890 | /home/attiq/frappe-sugarmill/apps/frappe/frappe/utils/scheduler.py:
Site: gourmet.sugarmill
Queued events for site gourmet.sugarmill
[DEBUG] 2021-12-06 16:00:33,066 | /home/attiq/frappe-sugarmill/apps/frappe/frappe/utils/scheduler.py:
Site: gourmet.sugarmill
Queued events for site gourmet.sugarmill
[DEBUG] 2021-12-06 16:01:33,192 | /home/attiq/frappe-sugarmill/apps/frappe/frappe/utils/scheduler.py:
Site: gourmet.sugarmill
Queued events for site gourmet.sugarmill
[DEBUG] 2021-12-06 16:02:33,330 | /home/attiq/frappe-sugarmill/apps/frappe/frappe/utils/scheduler.py:
Site: gourmet.sugarmill
Queued events for site gourmet.sugarmill
[DEBUG] 2021-12-06 16:03:33,485 | /home/attiq/frappe-sugarmill/apps/frappe/frappe/utils/scheduler.py:
Site: gourmet.sugarmill
Queued events for site gourmet.sugarmill
[DEBUG] 2021-12-06 16:04:33,657 | /home/attiq/frappe-sugarmill/apps/frappe/frappe/utils/scheduler.py:
Site: gourmet.sugarmill
Queued events for site gourmet.sugarmill
[DEBUG] 2021-12-06 16:05:33,817 | /home/attiq/frappe-sugarmill/apps/frappe/frappe/utils/scheduler.py:
Site: gourmet.sugarmill
Queued events for site gourmet.sugarmill
[DEBUG] 2021-12-06 16:06:33,954 | /home/attiq/frappe-sugarmill/apps/frappe/frappe/utils/scheduler.py:
Site: gourmet.sugarmill
Queued events for site gourmet.sugarmill
[DEBUG] 2021-12-06 16:07:34,309 | /home/attiq/frappe-sugarmill/apps/frappe/frappe/utils/scheduler.py:
Site: gourmet.sugarmill
Queued events for site gourmet.sugarmill
[DEBUG] 2021-12-06 16:08:34,479 | /home/attiq/frappe-sugarmill/apps/frappe/frappe/utils/scheduler.py:
Site: gourmet.sugarmill
Queued events for site gourmet.sugarmill
[DEBUG] 2021-12-06 16:09:34,613 | /home/attiq/frappe-sugarmill/apps/frappe/frappe/utils/scheduler.py:
Site: gourmet.sugarmill
Queued events for site gourmet.sugarmill
[DEBUG] 2021-12-06 16:10:34,759 | /home/attiq/frappe-sugarmill/apps/frappe/frappe/utils/scheduler.py:
Site: gourmet.sugarmill
Queued events for site gourmet.sugarmill
[DEBUG] 2021-12-06 16:11:34,907 | /home/attiq/frappe-sugarmill/apps/frappe/frappe/utils/scheduler.py:
Site: gourmet.sugarmill
Queued events for site gourmet.sugarmill
[DEBUG] 2021-12-06 16:12:35,080 | /home/attiq/frappe-sugarmill/apps/frappe/frappe/utils/scheduler.py:
Site: gourmet.sugarmill
Queued events for site gourmet.sugarmill
[DEBUG] 2021-12-06 16:13:35,225 | /home/attiq/frappe-sugarmill/apps/frappe/frappe/utils/scheduler.py:
Site: gourmet.sugarmill
Queued events for site gourmet.sugarmill
[DEBUG] 2021-12-06 16:14:35,377 | /home/attiq/frappe-sugarmill/apps/frappe/frappe/utils/scheduler.py:
Site: gourmet.sugarmill
Queued events for site gourmet.sugarmill
[DEBUG] 2021-12-06 16:15:35,523 | /home/attiq/frappe-sugarmill/apps/frappe/frappe/utils/scheduler.py:
Site: gourmet.sugarmill
Queued events for site gourmet.sugarmill
[DEBUG] 2021-12-06 16:16:35,692 | /home/attiq/frappe-sugarmill/apps/frappe/frappe/utils/scheduler.py:
Site: gourmet.sugarmill
Queued events for site gourmet.sugarmill
[DEBUG] 2021-12-06 16:17:35,831 | /home/attiq/frappe-sugarmill/apps/frappe/frappe/utils/scheduler.py:
Site: gourmet.sugarmill
Queued events for site gourmet.sugarmill
[DEBUG] 2021-12-06 16:18:35,988 | /home/attiq/frappe-sugarmill/apps/frappe/frappe/utils/scheduler.py:
Site: gourmet.sugarmill
Queued events for site gourmet.sugarmill
[DEBUG] 2021-12-06 16:19:36,137 | /home/attiq/frappe-sugarmill/apps/frappe/frappe/utils/scheduler.py:
Site: gourmet.sugarmill
Queued events for site gourmet.sugarmill
[DEBUG] 2021-12-06 16:20:36,281 | /home/attiq/frappe-sugarmill/apps/frappe/frappe/utils/scheduler.py:
Site: gourmet.sugarmill
Queued events for site gourmet.sugarmill
[DEBUG] 2021-12-06 16:21:36,415 | /home/attiq/frappe-sugarmill/apps/frappe/frappe/utils/scheduler.py:
Site: gourmet.sugarmill
Queued events for site gourmet.sugarmill
[DEBUG] 2021-12-06 16:22:36,549 | /home/attiq/frappe-sugarmill/apps/frappe/frappe/utils/scheduler.py:
Site: gourmet.sugarmill
Queued events for site gourmet.sugarmill
[DEBUG] 2021-12-06 16:23:36,687 | /home/attiq/frappe-sugarmill/apps/frappe/frappe/utils/scheduler.py:
Site: gourmet.sugarmill
Queued events for site gourmet.sugarmill
[DEBUG] 2021-12-06 16:24:36,840 | /home/attiq/frappe-sugarmill/apps/frappe/frappe/utils/scheduler.py:
Site: gourmet.sugarmill
Queued events for site gourmet.sugarmill
[DEBUG] 2021-12-06 16:25:36,974 | /home/attiq/frappe-sugarmill/apps/frappe/frappe/utils/scheduler.py:
Site: gourmet.sugarmill
Queued events for site gourmet.sugarmill
[DEBUG] 2021-12-06 16:26:37,109 | /home/attiq/frappe-sugarmill/apps/frappe/frappe/utils/scheduler.py:
Site: gourmet.sugarmill
Queued events for site gourmet.sugarmill
[DEBUG] 2021-12-06 16:27:37,241 | /home/attiq/frappe-sugarmill/apps/frappe/frappe/utils/scheduler.py:
Site: gourmet.sugarmill
Queued events for site gourmet.sugarmill
[DEBUG] 2021-12-06 16:28:37,594 | /home/attiq/frappe-sugarmill/apps/frappe/frappe/utils/scheduler.py:
Site: gourmet.sugarmill
Queued events for site gourmet.sugarmill
[DEBUG] 2021-12-06 16:29:37,738 | /home/attiq/frappe-sugarmill/apps/frappe/frappe/utils/scheduler.py:
Site: gourmet.sugarmill
Queued events for site gourmet.sugarmill
[DEBUG] 2021-12-06 16:30:37,887 | /home/attiq/frappe-sugarmill/apps/frappe/frappe/utils/scheduler.py:
Site: gourmet.sugarmill
Queued events for site gourmet.sugarmill
[DEBUG] 2021-12-06 16:31:38,044 | /home/attiq/frappe-sugarmill/apps/frappe/frappe/utils/scheduler.py:
Site: gourmet.sugarmill
Queued events for site gourmet.sugarmill
[DEBUG] 2021-12-06 16:32:38,197 | /home/attiq/frappe-sugarmill/apps/frappe/frappe/utils/scheduler.py:
Site: gourmet.sugarmill
Queued events for site gourmet.sugarmill
[DEBUG] 2021-12-06 16:33:38,337 | /home/attiq/frappe-sugarmill/apps/frappe/frappe/utils/scheduler.py:
Site: gourmet.sugarmill
Queued events for site gourmet.sugarmill
[DEBUG] 2021-12-06 16:34:38,486 | /home/attiq/frappe-sugarmill/apps/frappe/frappe/utils/scheduler.py:
Site: gourmet.sugarmill
Queued events for site gourmet.sugarmill
[DEBUG] 2021-12-06 16:35:38,629 | /home/attiq/frappe-sugarmill/apps/frappe/frappe/utils/scheduler.py:
Site: gourmet.sugarmill
Queued events for site gourmet.sugarmill
[DEBUG] 2021-12-06 16:36:38,808 | /home/attiq/frappe-sugarmill/apps/frappe/frappe/utils/scheduler.py:
Site: gourmet.sugarmill
Queued events for site gourmet.sugarmill
[DEBUG] 2021-12-06 16:37:38,953 | /home/attiq/frappe-sugarmill/apps/frappe/frappe/utils/scheduler.py:
Site: gourmet.sugarmill
Queued events for site gourmet.sugarmill
[DEBUG] 2021-12-06 16:38:39,090 | /home/attiq/frappe-sugarmill/apps/frappe/frappe/utils/scheduler.py:
Site: gourmet.sugarmill
Queued events for site gourmet.sugarmill
[DEBUG] 2021-12-06 16:39:39,246 | /home/attiq/frappe-sugarmill/apps/frappe/frappe/utils/scheduler.py:
Site: gourmet.sugarmill
Queued events for site gourmet.sugarmill
[DEBUG] 2021-12-06 16:40:39,394 | /home/attiq/frappe-sugarmill/apps/frappe/frappe/utils/scheduler.py:
Site: gourmet.sugarmill
Queued events for site gourmet.sugarmill
[DEBUG] 2021-12-06 16:41:39,998 | /home/attiq/frappe-sugarmill/apps/frappe/frappe/utils/scheduler.py:
Site: gourmet.sugarmill
Queued events for site gourmet.sugarmill
[DEBUG] 2021-12-06 16:42:40,145 | /home/attiq/frappe-sugarmill/apps/frappe/frappe/utils/scheduler.py:
Site: gourmet.sugarmill
Queued events for site gourmet.sugarmill
[DEBUG] 2021-12-06 16:43:40,296 | /home/attiq/frappe-sugarmill/apps/frappe/frappe/utils/scheduler.py:
Site: gourmet.sugarmill
Queued events for site gourmet.sugarmill
[DEBUG] 2021-12-06 16:44:41,487 | /home/attiq/frappe-sugarmill/apps/frappe/frappe/utils/scheduler.py:
Site: gourmet.sugarmill
Queued events for site gourmet.sugarmill
[DEBUG] 2021-12-06 16:45:41,627 | /home/attiq/frappe-sugarmill/apps/frappe/frappe/utils/scheduler.py:
Site: gourmet.sugarmill
Queued events for site gourmet.sugarmill
[DEBUG] 2021-12-06 16:46:41,778 | /home/attiq/frappe-sugarmill/apps/frappe/frappe/utils/scheduler.py:
Site: gourmet.sugarmill
Queued events for site gourmet.sugarmill
[DEBUG] 2021-12-06 16:47:41,905 | /home/attiq/frappe-sugarmill/apps/frappe/frappe/utils/scheduler.py:
Site: gourmet.sugarmill
Queued events for site gourmet.sugarmill
[DEBUG] 2021-12-06 16:48:43,079 | /home/attiq/frappe-sugarmill/apps/frappe/frappe/utils/scheduler.py:
Site: gourmet.sugarmill
Queued events for site gourmet.sugarmill
[DEBUG] 2021-12-06 16:49:43,219 | /home/attiq/frappe-sugarmill/apps/frappe/frappe/utils/scheduler.py:
Site: gourmet.sugarmill
Queued events for site gourmet.sugarmill
[DEBUG] 2021-12-06 16:50:43,783 | /home/attiq/frappe-sugarmill/apps/frappe/frappe/utils/scheduler.py:
Site: gourmet.sugarmill
Queued events for site gourmet.sugarmill
[DEBUG] 2021-12-06 16:51:43,925 | /home/attiq/frappe-sugarmill/apps/frappe/frappe/utils/scheduler.py:
Site: gourmet.sugarmill
Queued events for site gourmet.sugarmill
[DEBUG] 2021-12-06 16:52:44,300 | /home/attiq/frappe-sugarmill/apps/frappe/frappe/utils/scheduler.py:
Site: gourmet.sugarmill
Queued events for site gourmet.sugarmill
[DEBUG] 2021-12-06 16:53:44,469 | /home/attiq/frappe-sugarmill/apps/frappe/frappe/utils/scheduler.py:
Site: gourmet.sugarmill
Queued events for site gourmet.sugarmill
[DEBUG] 2021-12-06 16:54:44,616 | /home/attiq/frappe-sugarmill/apps/frappe/frappe/utils/scheduler.py:
Site: gourmet.sugarmill
Queued events for site gourmet.sugarmill
[DEBUG] 2021-12-06 16:55:44,766 | /home/attiq/frappe-sugarmill/apps/frappe/frappe/utils/scheduler.py:
Site: gourmet.sugarmill
Queued events for site gourmet.sugarmill
[DEBUG] 2021-12-06 16:56:44,950 | /home/attiq/frappe-sugarmill/apps/frappe/frappe/utils/scheduler.py:
Site: gourmet.sugarmill
Queued events for site gourmet.sugarmill
[DEBUG] 2021-12-06 16:57:45,289 | /home/attiq/frappe-sugarmill/apps/frappe/frappe/utils/scheduler.py:
Site: gourmet.sugarmill
Queued events for site gourmet.sugarmill
[DEBUG] 2021-12-06 16:58:45,636 | /home/attiq/frappe-sugarmill/apps/frappe/frappe/utils/scheduler.py:
Site: gourmet.sugarmill
Queued events for site gourmet.sugarmill
[DEBUG] 2021-12-06 16:59:45,789 | /home/attiq/frappe-sugarmill/apps/frappe/frappe/utils/scheduler.py:
Site: gourmet.sugarmill
Queued events for site gourmet.sugarmill
[DEBUG] 2021-12-06 17:00:46,163 | /home/attiq/frappe-sugarmill/apps/frappe/frappe/utils/scheduler.py:
Site: gourmet.sugarmill
Queued events for site gourmet.sugarmill
[DEBUG] 2021-12-06 17:01:46,320 | /home/attiq/frappe-sugarmill/apps/frappe/frappe/utils/scheduler.py:
Site: gourmet.sugarmill
Queued events for site gourmet.sugarmill
[DEBUG] 2021-12-06 17:02:46,494 | /home/attiq/frappe-sugarmill/apps/frappe/frappe/utils/scheduler.py:
Site: gourmet.sugarmill
Queued events for site gourmet.sugarmill
[DEBUG] 2021-12-06 17:03:46,664 | /home/attiq/frappe-sugarmill/apps/frappe/frappe/utils/scheduler.py:
Site: gourmet.sugarmill
Queued events for site gourmet.sugarmill
[DEBUG] 2021-12-06 17:04:46,827 | /home/attiq/frappe-sugarmill/apps/frappe/frappe/utils/scheduler.py:
Site: gourmet.sugarmill
Queued events for site gourmet.sugarmill
[DEBUG] 2021-12-06 17:05:46,991 | /home/attiq/frappe-sugarmill/apps/frappe/frappe/utils/scheduler.py:
Site: gourmet.sugarmill
Queued events for site gourmet.sugarmill
[DEBUG] 2021-12-06 17:06:47,125 | /home/attiq/frappe-sugarmill/apps/frappe/frappe/utils/scheduler.py:
Site: gourmet.sugarmill
Queued events for site gourmet.sugarmill
[DEBUG] 2021-12-06 17:07:47,266 | /home/attiq/frappe-sugarmill/apps/frappe/frappe/utils/scheduler.py:
Site: gourmet.sugarmill
Queued events for site gourmet.sugarmill
[DEBUG] 2021-12-06 17:08:47,426 | /home/attiq/frappe-sugarmill/apps/frappe/frappe/utils/scheduler.py:
Site: gourmet.sugarmill
Queued events for site gourmet.sugarmill
[DEBUG] 2021-12-06 17:09:47,600 | /home/attiq/frappe-sugarmill/apps/frappe/frappe/utils/scheduler.py:
Site: gourmet.sugarmill
Queued events for site gourmet.sugarmill
[DEBUG] 2021-12-06 17:10:47,758 | /home/attiq/frappe-sugarmill/apps/frappe/frappe/utils/scheduler.py:
Site: gourmet.sugarmill
Queued events for site gourmet.sugarmill
[DEBUG] 2021-12-06 17:11:47,926 | /home/attiq/frappe-sugarmill/apps/frappe/frappe/utils/scheduler.py:
Site: gourmet.sugarmill
Queued events for site gourmet.sugarmill
[DEBUG] 2021-12-06 17:12:49,103 | /home/attiq/frappe-sugarmill/apps/frappe/frappe/utils/scheduler.py:
Site: gourmet.sugarmill
Queued events for site gourmet.sugarmill
[DEBUG] 2021-12-06 17:13:50,251 | /home/attiq/frappe-sugarmill/apps/frappe/frappe/utils/scheduler.py:
Site: gourmet.sugarmill
Queued events for site gourmet.sugarmill
[DEBUG] 2021-12-06 17:14:50,404 | /home/attiq/frappe-sugarmill/apps/frappe/frappe/utils/scheduler.py:
Site: gourmet.sugarmill
Queued events for site gourmet.sugarmill
[DEBUG] 2021-12-06 17:15:50,565 | /home/attiq/frappe-sugarmill/apps/frappe/frappe/utils/scheduler.py:
Site: gourmet.sugarmill
Queued events for site gourmet.sugarmill
[DEBUG] 2021-12-06 17:16:50,950 | /home/attiq/frappe-sugarmill/apps/frappe/frappe/utils/scheduler.py:
Site: gourmet.sugarmill
Queued events for site gourmet.sugarmill
[DEBUG] 2021-12-06 17:17:51,090 | /home/attiq/frappe-sugarmill/apps/frappe/frappe/utils/scheduler.py:
Site: gourmet.sugarmill
Queued events for site gourmet.sugarmill
[DEBUG] 2021-12-06 17:18:51,231 | /home/attiq/frappe-sugarmill/apps/frappe/frappe/utils/scheduler.py:
Site: gourmet.sugarmill
Queued events for site gourmet.sugarmill
[DEBUG] 2021-12-06 17:19:51,374 | /home/attiq/frappe-sugarmill/apps/frappe/frappe/utils/scheduler.py:
Site: gourmet.sugarmill
Queued events for site gourmet.sugarmill
[DEBUG] 2021-12-06 17:20:51,534 | /home/attiq/frappe-sugarmill/apps/frappe/frappe/utils/scheduler.py:
Site: gourmet.sugarmill
Queued events for site gourmet.sugarmill
[DEBUG] 2021-12-06 17:21:51,888 | /home/attiq/frappe-sugarmill/apps/frappe/frappe/utils/scheduler.py:
Site: gourmet.sugarmill
Queued events for site gourmet.sugarmill
[DEBUG] 2021-12-06 17:22:52,034 | /home/attiq/frappe-sugarmill/apps/frappe/frappe/utils/scheduler.py:
Site: gourmet.sugarmill
Queued events for site gourmet.sugarmill
[DEBUG] 2021-12-06 17:23:52,204 | /home/attiq/frappe-sugarmill/apps/frappe/frappe/utils/scheduler.py:
Site: gourmet.sugarmill
Queued events for site gourmet.sugarmill
[DEBUG] 2021-12-06 17:24:53,610 | /home/attiq/frappe-sugarmill/apps/frappe/frappe/utils/scheduler.py:
Site: gourmet.sugarmill
Queued events for site gourmet.sugarmill
[DEBUG] 2021-12-06 17:25:53,965 | /home/attiq/frappe-sugarmill/apps/frappe/frappe/utils/scheduler.py:
Site: gourmet.sugarmill
Queued events for site gourmet.sugarmill
[DEBUG] 2021-12-06 17:26:54,151 | /home/attiq/frappe-sugarmill/apps/frappe/frappe/utils/scheduler.py:
Site: gourmet.sugarmill
Queued events for site gourmet.sugarmill
[DEBUG] 2021-12-06 17:27:54,510 | /home/attiq/frappe-sugarmill/apps/frappe/frappe/utils/scheduler.py:
Site: gourmet.sugarmill
Queued events for site gourmet.sugarmill
[DEBUG] 2021-12-06 17:28:54,686 | /home/attiq/frappe-sugarmill/apps/frappe/frappe/utils/scheduler.py:
Site: gourmet.sugarmill
Queued events for site gourmet.sugarmill
[DEBUG] 2021-12-06 17:29:55,053 | /home/attiq/frappe-sugarmill/apps/frappe/frappe/utils/scheduler.py:
Site: gourmet.sugarmill
Queued events for site gourmet.sugarmill
[DEBUG] 2021-12-06 17:30:55,223 | /home/attiq/frappe-sugarmill/apps/frappe/frappe/utils/scheduler.py:
Site: gourmet.sugarmill
Queued events for site gourmet.sugarmill
[DEBUG] 2021-12-06 17:31:55,795 | /home/attiq/frappe-sugarmill/apps/frappe/frappe/utils/scheduler.py:
Site: gourmet.sugarmill
Queued events for site gourmet.sugarmill
[DEBUG] 2021-12-06 17:32:55,954 | /home/attiq/frappe-sugarmill/apps/frappe/frappe/utils/scheduler.py:
Site: gourmet.sugarmill
Queued events for site gourmet.sugarmill
[DEBUG] 2021-12-06 17:33:56,318 | /home/attiq/frappe-sugarmill/apps/frappe/frappe/utils/scheduler.py:
Site: gourmet.sugarmill
Queued events for site gourmet.sugarmill
[DEBUG] 2021-12-06 17:34:56,479 | /home/attiq/frappe-sugarmill/apps/frappe/frappe/utils/scheduler.py:
Site: gourmet.sugarmill
Queued events for site gourmet.sugarmill
[DEBUG] 2021-12-06 17:35:57,654 | /home/attiq/frappe-sugarmill/apps/frappe/frappe/utils/scheduler.py:
Site: gourmet.sugarmill
Queued events for site gourmet.sugarmill
[DEBUG] 2021-12-06 17:37:00,848 | /home/attiq/frappe-sugarmill/apps/frappe/frappe/utils/scheduler.py:
Site: gourmet.sugarmill
Queued events for site gourmet.sugarmill
[DEBUG] 2021-12-06 17:38:00,987 | /home/attiq/frappe-sugarmill/apps/frappe/frappe/utils/scheduler.py:
Site: gourmet.sugarmill
Queued events for site gourmet.sugarmill
[DEBUG] 2021-12-06 17:39:01,142 | /home/attiq/frappe-sugarmill/apps/frappe/frappe/utils/scheduler.py:
Site: gourmet.sugarmill
Queued events for site gourmet.sugarmill
[DEBUG] 2021-12-06 17:40:01,532 | /home/attiq/frappe-sugarmill/apps/frappe/frappe/utils/scheduler.py:
Site: gourmet.sugarmill
Queued events for site gourmet.sugarmill
[DEBUG] 2021-12-06 17:41:02,105 | /home/attiq/frappe-sugarmill/apps/frappe/frappe/utils/scheduler.py:
Site: gourmet.sugarmill
Queued events for site gourmet.sugarmill
[DEBUG] 2021-12-06 17:42:02,260 | /home/attiq/frappe-sugarmill/apps/frappe/frappe/utils/scheduler.py:
Site: gourmet.sugarmill
Queued events for site gourmet.sugarmill
[DEBUG] 2021-12-06 17:43:03,401 | /home/attiq/frappe-sugarmill/apps/frappe/frappe/utils/scheduler.py:
Site: gourmet.sugarmill
Queued events for site gourmet.sugarmill
[DEBUG] 2021-12-06 17:44:03,595 | /home/attiq/frappe-sugarmill/apps/frappe/frappe/utils/scheduler.py:
Site: gourmet.sugarmill
Queued events for site gourmet.sugarmill
[DEBUG] 2021-12-06 17:45:03,747 | /home/attiq/frappe-sugarmill/apps/frappe/frappe/utils/scheduler.py:
Site: gourmet.sugarmill
Queued events for site gourmet.sugarmill
[DEBUG] 2021-12-06 17:46:03,892 | /home/attiq/frappe-sugarmill/apps/frappe/frappe/utils/scheduler.py:
Site: gourmet.sugarmill
Queued events for site gourmet.sugarmill
[DEBUG] 2021-12-06 17:47:04,244 | /home/attiq/frappe-sugarmill/apps/frappe/frappe/utils/scheduler.py:
Site: gourmet.sugarmill
Queued events for site gourmet.sugarmill
[DEBUG] 2021-12-06 17:48:04,408 | /home/attiq/frappe-sugarmill/apps/frappe/frappe/utils/scheduler.py:
Site: gourmet.sugarmill
Queued events for site gourmet.sugarmill
[DEBUG] 2021-12-06 17:49:04,551 | /home/attiq/frappe-sugarmill/apps/frappe/frappe/utils/scheduler.py:
Site: gourmet.sugarmill
Queued events for site gourmet.sugarmill
[DEBUG] 2021-12-06 17:50:04,707 | /home/attiq/frappe-sugarmill/apps/frappe/frappe/utils/scheduler.py:
Site: gourmet.sugarmill
Queued events for site gourmet.sugarmill
[DEBUG] 2021-12-06 17:51:04,839 | /home/attiq/frappe-sugarmill/apps/frappe/frappe/utils/scheduler.py:
Site: gourmet.sugarmill
Queued events for site gourmet.sugarmill
[DEBUG] 2021-12-06 17:52:05,176 | /home/attiq/frappe-sugarmill/apps/frappe/frappe/utils/scheduler.py:
Site: gourmet.sugarmill
Queued events for site gourmet.sugarmill
[DEBUG] 2021-12-06 17:53:05,295 | /home/attiq/frappe-sugarmill/apps/frappe/frappe/utils/scheduler.py:
Site: gourmet.sugarmill
Queued events for site gourmet.sugarmill
[DEBUG] 2021-12-06 17:54:05,404 | /home/attiq/frappe-sugarmill/apps/frappe/frappe/utils/scheduler.py:
Site: gourmet.sugarmill
Queued events for site gourmet.sugarmill
[DEBUG] 2021-12-06 17:55:05,529 | /home/attiq/frappe-sugarmill/apps/frappe/frappe/utils/scheduler.py:
Site: gourmet.sugarmill
Queued events for site gourmet.sugarmill
[DEBUG] 2021-12-06 17:56:05,671 | /home/attiq/frappe-sugarmill/apps/frappe/frappe/utils/scheduler.py:
Site: gourmet.sugarmill
Queued events for site gourmet.sugarmill
[DEBUG] 2021-12-06 17:57:05,816 | /home/attiq/frappe-sugarmill/apps/frappe/frappe/utils/scheduler.py:
Site: gourmet.sugarmill
Queued events for site gourmet.sugarmill
[DEBUG] 2021-12-06 17:58:05,928 | /home/attiq/frappe-sugarmill/apps/frappe/frappe/utils/scheduler.py:
Site: gourmet.sugarmill
Queued events for site gourmet.sugarmill
[DEBUG] 2021-12-06 17:59:06,055 | /home/attiq/frappe-sugarmill/apps/frappe/frappe/utils/scheduler.py:
Site: gourmet.sugarmill
Queued events for site gourmet.sugarmill
[DEBUG] 2021-12-06 18:00:06,422 | /home/attiq/frappe-sugarmill/apps/frappe/frappe/utils/scheduler.py:
Site: gourmet.sugarmill
Queued events for site gourmet.sugarmill
[DEBUG] 2021-12-06 18:01:06,624 | /home/attiq/frappe-sugarmill/apps/frappe/frappe/utils/scheduler.py:
Site: gourmet.sugarmill
Queued events for site gourmet.sugarmill
[DEBUG] 2021-12-06 18:02:06,754 | /home/attiq/frappe-sugarmill/apps/frappe/frappe/utils/scheduler.py:
Site: gourmet.sugarmill
Queued events for site gourmet.sugarmill
[DEBUG] 2021-12-06 18:03:06,891 | /home/attiq/frappe-sugarmill/apps/frappe/frappe/utils/scheduler.py:
Site: gourmet.sugarmill
Queued events for site gourmet.sugarmill
[DEBUG] 2021-12-06 18:04:07,235 | /home/attiq/frappe-sugarmill/apps/frappe/frappe/utils/scheduler.py:
Site: gourmet.sugarmill
Queued events for site gourmet.sugarmill
[DEBUG] 2021-12-06 18:05:08,378 | /home/attiq/frappe-sugarmill/apps/frappe/frappe/utils/scheduler.py:
Site: gourmet.sugarmill
Queued events for site gourmet.sugarmill
[DEBUG] 2021-12-06 18:06:08,507 | /home/attiq/frappe-sugarmill/apps/frappe/frappe/utils/scheduler.py:
Site: gourmet.sugarmill
Queued events for site gourmet.sugarmill
[DEBUG] 2021-12-06 18:07:08,641 | /home/attiq/frappe-sugarmill/apps/frappe/frappe/utils/scheduler.py:
Site: gourmet.sugarmill
Queued events for site gourmet.sugarmill
[DEBUG] 2021-12-06 18:08:08,769 | /home/attiq/frappe-sugarmill/apps/frappe/frappe/utils/scheduler.py:
Site: gourmet.sugarmill
Queued events for site gourmet.sugarmill
[DEBUG] 2021-12-06 18:09:08,901 | /home/attiq/frappe-sugarmill/apps/frappe/frappe/utils/scheduler.py:
Site: gourmet.sugarmill
Queued events for site gourmet.sugarmill
[DEBUG] 2021-12-06 18:10:09,240 | /home/attiq/frappe-sugarmill/apps/frappe/frappe/utils/scheduler.py:
Site: gourmet.sugarmill
Queued events for site gourmet.sugarmill
[DEBUG] 2021-12-06 18:11:09,379 | /home/attiq/frappe-sugarmill/apps/frappe/frappe/utils/scheduler.py:
Site: gourmet.sugarmill
Queued events for site gourmet.sugarmill
[DEBUG] 2021-12-06 18:12:09,529 | /home/attiq/frappe-sugarmill/apps/frappe/frappe/utils/scheduler.py:
Site: gourmet.sugarmill
Queued events for site gourmet.sugarmill
[DEBUG] 2021-12-06 18:13:09,636 | /home/attiq/frappe-sugarmill/apps/frappe/frappe/utils/scheduler.py:
Site: gourmet.sugarmill
Queued events for site gourmet.sugarmill
[DEBUG] 2021-12-06 18:14:09,750 | /home/attiq/frappe-sugarmill/apps/frappe/frappe/utils/scheduler.py:
Site: gourmet.sugarmill
Queued events for site gourmet.sugarmill
[DEBUG] 2021-12-06 18:15:09,889 | /home/attiq/frappe-sugarmill/apps/frappe/frappe/utils/scheduler.py:
Site: gourmet.sugarmill
Queued events for site gourmet.sugarmill
[DEBUG] 2021-12-06 18:16:10,045 | /home/attiq/frappe-sugarmill/apps/frappe/frappe/utils/scheduler.py:
Site: gourmet.sugarmill
Queued events for site gourmet.sugarmill
[DEBUG] 2021-12-06 18:17:10,155 | /home/attiq/frappe-sugarmill/apps/frappe/frappe/utils/scheduler.py:
Site: gourmet.sugarmill
Queued events for site gourmet.sugarmill
[DEBUG] 2021-12-06 18:18:10,278 | /home/attiq/frappe-sugarmill/apps/frappe/frappe/utils/scheduler.py:
Site: gourmet.sugarmill
Queued events for site gourmet.sugarmill
[DEBUG] 2021-12-06 18:19:10,386 | /home/attiq/frappe-sugarmill/apps/frappe/frappe/utils/scheduler.py:
Site: gourmet.sugarmill
Queued events for site gourmet.sugarmill
[DEBUG] 2021-12-06 18:20:10,526 | /home/attiq/frappe-sugarmill/apps/frappe/frappe/utils/scheduler.py:
Site: gourmet.sugarmill
Queued events for site gourmet.sugarmill
[DEBUG] 2021-12-06 18:21:10,648 | /home/attiq/frappe-sugarmill/apps/frappe/frappe/utils/scheduler.py:
Site: gourmet.sugarmill
Queued events for site gourmet.sugarmill
[DEBUG] 2021-12-06 18:22:10,774 | /home/attiq/frappe-sugarmill/apps/frappe/frappe/utils/scheduler.py:
Site: gourmet.sugarmill
Queued events for site gourmet.sugarmill
[DEBUG] 2021-12-06 18:23:10,894 | /home/attiq/frappe-sugarmill/apps/frappe/frappe/utils/scheduler.py:
Site: gourmet.sugarmill
Queued events for site gourmet.sugarmill
[DEBUG] 2021-12-06 18:24:11,041 | /home/attiq/frappe-sugarmill/apps/frappe/frappe/utils/scheduler.py:
Site: gourmet.sugarmill
Queued events for site gourmet.sugarmill
[DEBUG] 2021-12-06 18:25:11,358 | /home/attiq/frappe-sugarmill/apps/frappe/frappe/utils/scheduler.py:
Site: gourmet.sugarmill
Queued events for site gourmet.sugarmill
[DEBUG] 2021-12-06 18:26:11,491 | /home/attiq/frappe-sugarmill/apps/frappe/frappe/utils/scheduler.py:
Site: gourmet.sugarmill
Queued events for site gourmet.sugarmill
[DEBUG] 2021-12-06 18:27:11,595 | /home/attiq/frappe-sugarmill/apps/frappe/frappe/utils/scheduler.py:
Site: gourmet.sugarmill
Queued events for site gourmet.sugarmill
[DEBUG] 2021-12-06 18:28:11,745 | /home/attiq/frappe-sugarmill/apps/frappe/frappe/utils/scheduler.py:
Site: gourmet.sugarmill
Queued events for site gourmet.sugarmill
[DEBUG] 2021-12-06 18:29:12,897 | /home/attiq/frappe-sugarmill/apps/frappe/frappe/utils/scheduler.py:
Site: gourmet.sugarmill
Queued events for site gourmet.sugarmill
[DEBUG] 2021-12-06 18:30:13,214 | /home/attiq/frappe-sugarmill/apps/frappe/frappe/utils/scheduler.py:
Site: gourmet.sugarmill
Queued events for site gourmet.sugarmill
[DEBUG] 2021-12-06 18:31:13,344 | /home/attiq/frappe-sugarmill/apps/frappe/frappe/utils/scheduler.py:
Site: gourmet.sugarmill
Queued events for site gourmet.sugarmill
[DEBUG] 2021-12-06 18:32:13,470 | /home/attiq/frappe-sugarmill/apps/frappe/frappe/utils/scheduler.py:
Site: gourmet.sugarmill
Queued events for site gourmet.sugarmill
[DEBUG] 2021-12-06 18:33:13,600 | /home/attiq/frappe-sugarmill/apps/frappe/frappe/utils/scheduler.py:
Site: gourmet.sugarmill
Queued events for site gourmet.sugarmill
[DEBUG] 2021-12-06 18:34:13,934 | /home/attiq/frappe-sugarmill/apps/frappe/frappe/utils/scheduler.py:
Site: gourmet.sugarmill
Queued events for site gourmet.sugarmill
[DEBUG] 2021-12-06 18:35:14,067 | /home/attiq/frappe-sugarmill/apps/frappe/frappe/utils/scheduler.py:
Site: gourmet.sugarmill
Queued events for site gourmet.sugarmill
[DEBUG] 2021-12-06 18:36:14,202 | /home/attiq/frappe-sugarmill/apps/frappe/frappe/utils/scheduler.py:
Site: gourmet.sugarmill
Queued events for site gourmet.sugarmill
[DEBUG] 2021-12-06 18:37:15,407 | /home/attiq/frappe-sugarmill/apps/frappe/frappe/utils/scheduler.py:
Site: gourmet.sugarmill
Queued events for site gourmet.sugarmill
[DEBUG] 2021-12-06 18:38:15,777 | /home/attiq/frappe-sugarmill/apps/frappe/frappe/utils/scheduler.py:
Site: gourmet.sugarmill
Queued events for site gourmet.sugarmill
[DEBUG] 2021-12-06 18:39:15,910 | /home/attiq/frappe-sugarmill/apps/frappe/frappe/utils/scheduler.py:
Site: gourmet.sugarmill
Queued events for site gourmet.sugarmill
[DEBUG] 2021-12-06 18:40:17,104 | /home/attiq/frappe-sugarmill/apps/frappe/frappe/utils/scheduler.py:
Site: gourmet.sugarmill
Queued events for site gourmet.sugarmill
[DEBUG] 2021-12-06 18:41:17,243 | /home/attiq/frappe-sugarmill/apps/frappe/frappe/utils/scheduler.py:
Site: gourmet.sugarmill
Queued events for site gourmet.sugarmill
[DEBUG] 2021-12-06 18:42:17,398 | /home/attiq/frappe-sugarmill/apps/frappe/frappe/utils/scheduler.py:
Site: gourmet.sugarmill
Queued events for site gourmet.sugarmill
[DEBUG] 2021-12-06 18:43:17,546 | /home/attiq/frappe-sugarmill/apps/frappe/frappe/utils/scheduler.py:
Site: gourmet.sugarmill
Queued events for site gourmet.sugarmill
[DEBUG] 2021-12-06 18:44:17,727 | /home/attiq/frappe-sugarmill/apps/frappe/frappe/utils/scheduler.py:
Site: gourmet.sugarmill
Queued events for site gourmet.sugarmill
[DEBUG] 2021-12-06 18:45:17,886 | /home/attiq/frappe-sugarmill/apps/frappe/frappe/utils/scheduler.py:
Site: gourmet.sugarmill
Queued events for site gourmet.sugarmill
[DEBUG] 2021-12-06 18:46:18,237 | /home/attiq/frappe-sugarmill/apps/frappe/frappe/utils/scheduler.py:
Site: gourmet.sugarmill
Queued events for site gourmet.sugarmill
[DEBUG] 2021-12-06 18:47:19,404 | /home/attiq/frappe-sugarmill/apps/frappe/frappe/utils/scheduler.py:
Site: gourmet.sugarmill
Queued events for site gourmet.sugarmill
[DEBUG] 2021-12-06 18:48:19,578 | /home/attiq/frappe-sugarmill/apps/frappe/frappe/utils/scheduler.py:
Site: gourmet.sugarmill
Queued events for site gourmet.sugarmill
[DEBUG] 2021-12-06 18:49:19,739 | /home/attiq/frappe-sugarmill/apps/frappe/frappe/utils/scheduler.py:
Site: gourmet.sugarmill
Queued events for site gourmet.sugarmill
[DEBUG] 2021-12-06 18:50:20,932 | /home/attiq/frappe-sugarmill/apps/frappe/frappe/utils/scheduler.py:
Site: gourmet.sugarmill
Queued events for site gourmet.sugarmill
[DEBUG] 2021-12-06 18:51:21,066 | /home/attiq/frappe-sugarmill/apps/frappe/frappe/utils/scheduler.py:
Site: gourmet.sugarmill
Queued events for site gourmet.sugarmill
[DEBUG] 2021-12-06 18:52:21,235 | /home/attiq/frappe-sugarmill/apps/frappe/frappe/utils/scheduler.py:
Site: gourmet.sugarmill
Queued events for site gourmet.sugarmill
[DEBUG] 2021-12-06 18:53:22,597 | /home/attiq/frappe-sugarmill/apps/frappe/frappe/utils/scheduler.py:
Site: gourmet.sugarmill
Queued events for site gourmet.sugarmill
[DEBUG] 2021-12-06 18:54:22,985 | /home/attiq/frappe-sugarmill/apps/frappe/frappe/utils/scheduler.py:
Site: gourmet.sugarmill
Queued events for site gourmet.sugarmill
[DEBUG] 2021-12-06 18:55:23,143 | /home/attiq/frappe-sugarmill/apps/frappe/frappe/utils/scheduler.py:
Site: gourmet.sugarmill
Queued events for site gourmet.sugarmill
[DEBUG] 2021-12-06 18:56:23,332 | /home/attiq/frappe-sugarmill/apps/frappe/frappe/utils/scheduler.py:
Site: gourmet.sugarmill
Queued events for site gourmet.sugarmill
[DEBUG] 2021-12-06 18:57:23,494 | /home/attiq/frappe-sugarmill/apps/frappe/frappe/utils/scheduler.py:
Site: gourmet.sugarmill
Queued events for site gourmet.sugarmill
[DEBUG] 2021-12-06 18:58:23,864 | /home/attiq/frappe-sugarmill/apps/frappe/frappe/utils/scheduler.py:
Site: gourmet.sugarmill
Queued events for site gourmet.sugarmill
[DEBUG] 2021-12-06 18:59:24,012 | /home/attiq/frappe-sugarmill/apps/frappe/frappe/utils/scheduler.py:
Site: gourmet.sugarmill
Queued events for site gourmet.sugarmill
[DEBUG] 2021-12-06 19:00:25,626 | /home/attiq/frappe-sugarmill/apps/frappe/frappe/utils/scheduler.py:
Site: gourmet.sugarmill
Queued events for site gourmet.sugarmill
[DEBUG] 2021-12-06 19:01:25,987 | /home/attiq/frappe-sugarmill/apps/frappe/frappe/utils/scheduler.py:
Site: gourmet.sugarmill
Queued events for site gourmet.sugarmill
[DEBUG] 2021-12-06 19:02:26,132 | /home/attiq/frappe-sugarmill/apps/frappe/frappe/utils/scheduler.py:
Site: gourmet.sugarmill
Queued events for site gourmet.sugarmill
[DEBUG] 2021-12-06 19:03:26,732 | /home/attiq/frappe-sugarmill/apps/frappe/frappe/utils/scheduler.py:
Site: gourmet.sugarmill
Queued events for site gourmet.sugarmill
[DEBUG] 2021-12-06 19:04:27,134 | /home/attiq/frappe-sugarmill/apps/frappe/frappe/utils/scheduler.py:
Site: gourmet.sugarmill
Queued events for site gourmet.sugarmill
[DEBUG] 2021-12-06 19:05:27,289 | /home/attiq/frappe-sugarmill/apps/frappe/frappe/utils/scheduler.py:
Site: gourmet.sugarmill
Queued events for site gourmet.sugarmill
[DEBUG] 2021-12-06 19:06:27,439 | /home/attiq/frappe-sugarmill/apps/frappe/frappe/utils/scheduler.py:
Site: gourmet.sugarmill
Queued events for site gourmet.sugarmill
[DEBUG] 2021-12-06 19:07:27,595 | /home/attiq/frappe-sugarmill/apps/frappe/frappe/utils/scheduler.py:
Site: gourmet.sugarmill
Queued events for site gourmet.sugarmill
[DEBUG] 2021-12-06 19:08:27,771 | /home/attiq/frappe-sugarmill/apps/frappe/frappe/utils/scheduler.py:
Site: gourmet.sugarmill
Queued events for site gourmet.sugarmill
[DEBUG] 2021-12-06 19:09:27,924 | /home/attiq/frappe-sugarmill/apps/frappe/frappe/utils/scheduler.py:
Site: gourmet.sugarmill
Queued events for site gourmet.sugarmill
[DEBUG] 2021-12-06 19:10:28,297 | /home/attiq/frappe-sugarmill/apps/frappe/frappe/utils/scheduler.py:
Site: gourmet.sugarmill
Queued events for site gourmet.sugarmill
[DEBUG] 2021-12-06 19:11:28,661 | /home/attiq/frappe-sugarmill/apps/frappe/frappe/utils/scheduler.py:
Site: gourmet.sugarmill
Queued events for site gourmet.sugarmill
[DEBUG] 2021-12-06 19:12:28,839 | /home/attiq/frappe-sugarmill/apps/frappe/frappe/utils/scheduler.py:
Site: gourmet.sugarmill
Queued events for site gourmet.sugarmill
[DEBUG] 2021-12-06 19:13:29,009 | /home/attiq/frappe-sugarmill/apps/frappe/frappe/utils/scheduler.py:
Site: gourmet.sugarmill
Queued events for site gourmet.sugarmill
[DEBUG] 2021-12-06 19:14:29,382 | /home/attiq/frappe-sugarmill/apps/frappe/frappe/utils/scheduler.py:
Site: gourmet.sugarmill
Queued events for site gourmet.sugarmill
[DEBUG] 2021-12-06 19:15:29,520 | /home/attiq/frappe-sugarmill/apps/frappe/frappe/utils/scheduler.py:
Site: gourmet.sugarmill
Queued events for site gourmet.sugarmill
[DEBUG] 2021-12-06 19:16:29,697 | /home/attiq/frappe-sugarmill/apps/frappe/frappe/utils/scheduler.py:
Site: gourmet.sugarmill
Queued events for site gourmet.sugarmill
[DEBUG] 2021-12-06 19:17:30,049 | /home/attiq/frappe-sugarmill/apps/frappe/frappe/utils/scheduler.py:
Site: gourmet.sugarmill
Queued events for site gourmet.sugarmill
[DEBUG] 2021-12-06 19:18:30,406 | /home/attiq/frappe-sugarmill/apps/frappe/frappe/utils/scheduler.py:
Site: gourmet.sugarmill
Queued events for site gourmet.sugarmill
[DEBUG] 2021-12-06 19:19:30,536 | /home/attiq/frappe-sugarmill/apps/frappe/frappe/utils/scheduler.py:
Site: gourmet.sugarmill
Queued events for site gourmet.sugarmill
[DEBUG] 2021-12-06 19:20:30,702 | /home/attiq/frappe-sugarmill/apps/frappe/frappe/utils/scheduler.py:
Site: gourmet.sugarmill
Queued events for site gourmet.sugarmill
[DEBUG] 2021-12-06 19:21:30,861 | /home/attiq/frappe-sugarmill/apps/frappe/frappe/utils/scheduler.py:
Site: gourmet.sugarmill
Queued events for site gourmet.sugarmill
[DEBUG] 2021-12-06 19:22:31,046 | /home/attiq/frappe-sugarmill/apps/frappe/frappe/utils/scheduler.py:
Site: gourmet.sugarmill
Queued events for site gourmet.sugarmill
[DEBUG] 2021-12-06 19:23:31,413 | /home/attiq/frappe-sugarmill/apps/frappe/frappe/utils/scheduler.py:
Site: gourmet.sugarmill
Queued events for site gourmet.sugarmill
[DEBUG] 2021-12-06 19:24:31,596 | /home/attiq/frappe-sugarmill/apps/frappe/frappe/utils/scheduler.py:
Site: gourmet.sugarmill
Queued events for site gourmet.sugarmill
[DEBUG] 2021-12-06 19:25:31,741 | /home/attiq/frappe-sugarmill/apps/frappe/frappe/utils/scheduler.py:
Site: gourmet.sugarmill
Queued events for site gourmet.sugarmill
[DEBUG] 2021-12-06 19:26:31,889 | /home/attiq/frappe-sugarmill/apps/frappe/frappe/utils/scheduler.py:
Site: gourmet.sugarmill
Queued events for site gourmet.sugarmill
[DEBUG] 2021-12-06 19:27:32,039 | /home/attiq/frappe-sugarmill/apps/frappe/frappe/utils/scheduler.py:
Site: gourmet.sugarmill
Queued events for site gourmet.sugarmill
[DEBUG] 2021-12-06 19:28:32,219 | /home/attiq/frappe-sugarmill/apps/frappe/frappe/utils/scheduler.py:
Site: gourmet.sugarmill
Queued events for site gourmet.sugarmill
[DEBUG] 2021-12-06 19:29:32,582 | /home/attiq/frappe-sugarmill/apps/frappe/frappe/utils/scheduler.py:
Site: gourmet.sugarmill
Queued events for site gourmet.sugarmill
[DEBUG] 2021-12-06 19:30:32,751 | /home/attiq/frappe-sugarmill/apps/frappe/frappe/utils/scheduler.py:
Site: gourmet.sugarmill
Queued events for site gourmet.sugarmill
[DEBUG] 2021-12-06 19:31:33,331 | /home/attiq/frappe-sugarmill/apps/frappe/frappe/utils/scheduler.py:
Site: gourmet.sugarmill
Queued events for site gourmet.sugarmill
[DEBUG] 2021-12-06 19:32:33,707 | /home/attiq/frappe-sugarmill/apps/frappe/frappe/utils/scheduler.py:
Site: gourmet.sugarmill
Queued events for site gourmet.sugarmill
[DEBUG] 2021-12-06 19:33:34,049 | /home/attiq/frappe-sugarmill/apps/frappe/frappe/utils/scheduler.py:
Site: gourmet.sugarmill
Queued events for site gourmet.sugarmill
[DEBUG] 2021-12-06 19:34:34,617 | /home/attiq/frappe-sugarmill/apps/frappe/frappe/utils/scheduler.py:
Site: gourmet.sugarmill
Queued events for site gourmet.sugarmill
[DEBUG] 2021-12-06 19:35:34,764 | /home/attiq/frappe-sugarmill/apps/frappe/frappe/utils/scheduler.py:
Site: gourmet.sugarmill
Queued events for site gourmet.sugarmill
[DEBUG] 2021-12-06 19:36:34,931 | /home/attiq/frappe-sugarmill/apps/frappe/frappe/utils/scheduler.py:
Site: gourmet.sugarmill
Queued events for site gourmet.sugarmill
[DEBUG] 2021-12-06 19:37:35,089 | /home/attiq/frappe-sugarmill/apps/frappe/frappe/utils/scheduler.py:
Site: gourmet.sugarmill
Queued events for site gourmet.sugarmill
[DEBUG] 2021-12-06 19:38:35,238 | /home/attiq/frappe-sugarmill/apps/frappe/frappe/utils/scheduler.py:
Site: gourmet.sugarmill
Queued events for site gourmet.sugarmill
[DEBUG] 2021-12-06 19:39:35,375 | /home/attiq/frappe-sugarmill/apps/frappe/frappe/utils/scheduler.py:
Site: gourmet.sugarmill
Queued events for site gourmet.sugarmill
[DEBUG] 2021-12-06 19:40:35,551 | /home/attiq/frappe-sugarmill/apps/frappe/frappe/utils/scheduler.py:
Site: gourmet.sugarmill
Queued events for site gourmet.sugarmill
[DEBUG] 2021-12-06 19:41:35,706 | /home/attiq/frappe-sugarmill/apps/frappe/frappe/utils/scheduler.py:
Site: gourmet.sugarmill
Queued events for site gourmet.sugarmill
[DEBUG] 2021-12-06 19:42:35,851 | /home/attiq/frappe-sugarmill/apps/frappe/frappe/utils/scheduler.py:
Site: gourmet.sugarmill
Queued events for site gourmet.sugarmill
[DEBUG] 2021-12-06 19:43:35,997 | /home/attiq/frappe-sugarmill/apps/frappe/frappe/utils/scheduler.py:
Site: gourmet.sugarmill
Queued events for site gourmet.sugarmill
[DEBUG] 2021-12-06 19:44:36,567 | /home/attiq/frappe-sugarmill/apps/frappe/frappe/utils/scheduler.py:
Site: gourmet.sugarmill
Queued events for site gourmet.sugarmill
[DEBUG] 2021-12-06 19:45:36,718 | /home/attiq/frappe-sugarmill/apps/frappe/frappe/utils/scheduler.py:
Site: gourmet.sugarmill
Queued events for site gourmet.sugarmill
[DEBUG] 2021-12-06 19:46:37,868 | /home/attiq/frappe-sugarmill/apps/frappe/frappe/utils/scheduler.py:
Site: gourmet.sugarmill
Queued events for site gourmet.sugarmill
[DEBUG] 2021-12-06 19:47:38,019 | /home/attiq/frappe-sugarmill/apps/frappe/frappe/utils/scheduler.py:
Site: gourmet.sugarmill
Queued events for site gourmet.sugarmill
[DEBUG] 2021-12-06 19:48:39,234 | /home/attiq/frappe-sugarmill/apps/frappe/frappe/utils/scheduler.py:
Site: gourmet.sugarmill
Queued events for site gourmet.sugarmill
[DEBUG] 2021-12-06 19:49:39,375 | /home/attiq/frappe-sugarmill/apps/frappe/frappe/utils/scheduler.py:
Site: gourmet.sugarmill
Queued events for site gourmet.sugarmill
[DEBUG] 2021-12-06 19:50:39,539 | /home/attiq/frappe-sugarmill/apps/frappe/frappe/utils/scheduler.py:
Site: gourmet.sugarmill
Queued events for site gourmet.sugarmill
[DEBUG] 2021-12-06 19:51:39,702 | /home/attiq/frappe-sugarmill/apps/frappe/frappe/utils/scheduler.py:
Site: gourmet.sugarmill
Queued events for site gourmet.sugarmill
[DEBUG] 2021-12-06 19:52:39,873 | /home/attiq/frappe-sugarmill/apps/frappe/frappe/utils/scheduler.py:
Site: gourmet.sugarmill
Queued events for site gourmet.sugarmill
[DEBUG] 2021-12-06 19:53:40,017 | /home/attiq/frappe-sugarmill/apps/frappe/frappe/utils/scheduler.py:
Site: gourmet.sugarmill
Queued events for site gourmet.sugarmill
[DEBUG] 2021-12-06 19:54:40,195 | /home/attiq/frappe-sugarmill/apps/frappe/frappe/utils/scheduler.py:
Site: gourmet.sugarmill
Queued events for site gourmet.sugarmill
[DEBUG] 2021-12-06 19:55:40,355 | /home/attiq/frappe-sugarmill/apps/frappe/frappe/utils/scheduler.py:
Site: gourmet.sugarmill
Queued events for site gourmet.sugarmill
[DEBUG] 2021-12-06 19:56:40,540 | /home/attiq/frappe-sugarmill/apps/frappe/frappe/utils/scheduler.py:
Site: gourmet.sugarmill
Queued events for site gourmet.sugarmill
[DEBUG] 2021-12-06 19:57:40,686 | /home/attiq/frappe-sugarmill/apps/frappe/frappe/utils/scheduler.py:
Site: gourmet.sugarmill
Queued events for site gourmet.sugarmill
[DEBUG] 2021-12-06 19:58:41,053 | /home/attiq/frappe-sugarmill/apps/frappe/frappe/utils/scheduler.py:
Site: gourmet.sugarmill
Queued events for site gourmet.sugarmill
[DEBUG] 2021-12-06 19:59:41,186 | /home/attiq/frappe-sugarmill/apps/frappe/frappe/utils/scheduler.py:
Site: gourmet.sugarmill
Queued events for site gourmet.sugarmill
[DEBUG] 2021-12-06 20:00:43,009 | /home/attiq/frappe-sugarmill/apps/frappe/frappe/utils/scheduler.py:
Site: gourmet.sugarmill
Queued events for site gourmet.sugarmill
[DEBUG] 2021-12-06 20:01:43,180 | /home/attiq/frappe-sugarmill/apps/frappe/frappe/utils/scheduler.py:
Site: gourmet.sugarmill
Queued events for site gourmet.sugarmill
[DEBUG] 2021-12-06 20:02:43,542 | /home/attiq/frappe-sugarmill/apps/frappe/frappe/utils/scheduler.py:
Site: gourmet.sugarmill
Queued events for site gourmet.sugarmill
[DEBUG] 2021-12-06 20:03:43,683 | /home/attiq/frappe-sugarmill/apps/frappe/frappe/utils/scheduler.py:
Site: gourmet.sugarmill
Queued events for site gourmet.sugarmill
[DEBUG] 2021-12-06 20:04:44,880 | /home/attiq/frappe-sugarmill/apps/frappe/frappe/utils/scheduler.py:
Site: gourmet.sugarmill
Queued events for site gourmet.sugarmill
[DEBUG] 2021-12-06 20:05:46,074 | /home/attiq/frappe-sugarmill/apps/frappe/frappe/utils/scheduler.py:
Site: gourmet.sugarmill
Queued events for site gourmet.sugarmill
[DEBUG] 2021-12-06 20:06:46,230 | /home/attiq/frappe-sugarmill/apps/frappe/frappe/utils/scheduler.py:
Site: gourmet.sugarmill
Queued events for site gourmet.sugarmill
[DEBUG] 2021-12-06 20:07:46,387 | /home/attiq/frappe-sugarmill/apps/frappe/frappe/utils/scheduler.py:
Site: gourmet.sugarmill
Queued events for site gourmet.sugarmill
[DEBUG] 2021-12-06 20:08:46,553 | /home/attiq/frappe-sugarmill/apps/frappe/frappe/utils/scheduler.py:
Site: gourmet.sugarmill
Queued events for site gourmet.sugarmill
[DEBUG] 2021-12-06 20:09:46,696 | /home/attiq/frappe-sugarmill/apps/frappe/frappe/utils/scheduler.py:
Site: gourmet.sugarmill
Queued events for site gourmet.sugarmill
[DEBUG] 2021-12-06 20:10:46,857 | /home/attiq/frappe-sugarmill/apps/frappe/frappe/utils/scheduler.py:
Site: gourmet.sugarmill
Queued events for site gourmet.sugarmill
[DEBUG] 2021-12-06 20:11:47,019 | /home/attiq/frappe-sugarmill/apps/frappe/frappe/utils/scheduler.py:
Site: gourmet.sugarmill
Queued events for site gourmet.sugarmill
[DEBUG] 2021-12-06 20:12:47,176 | /home/attiq/frappe-sugarmill/apps/frappe/frappe/utils/scheduler.py:
Site: gourmet.sugarmill
Queued events for site gourmet.sugarmill
[DEBUG] 2021-12-06 20:13:47,336 | /home/attiq/frappe-sugarmill/apps/frappe/frappe/utils/scheduler.py:
Site: gourmet.sugarmill
Queued events for site gourmet.sugarmill
[DEBUG] 2021-12-06 20:14:47,502 | /home/attiq/frappe-sugarmill/apps/frappe/frappe/utils/scheduler.py:
Site: gourmet.sugarmill
Queued events for site gourmet.sugarmill
[DEBUG] 2021-12-06 20:15:47,666 | /home/attiq/frappe-sugarmill/apps/frappe/frappe/utils/scheduler.py:
Site: gourmet.sugarmill
Queued events for site gourmet.sugarmill
[DEBUG] 2021-12-06 20:16:47,864 | /home/attiq/frappe-sugarmill/apps/frappe/frappe/utils/scheduler.py:
Site: gourmet.sugarmill
Queued events for site gourmet.sugarmill
[DEBUG] 2021-12-06 20:17:48,023 | /home/attiq/frappe-sugarmill/apps/frappe/frappe/utils/scheduler.py:
Site: gourmet.sugarmill
Queued events for site gourmet.sugarmill
[DEBUG] 2021-12-06 20:18:48,203 | /home/attiq/frappe-sugarmill/apps/frappe/frappe/utils/scheduler.py:
Site: gourmet.sugarmill
Queued events for site gourmet.sugarmill
[DEBUG] 2021-12-06 20:19:48,349 | /home/attiq/frappe-sugarmill/apps/frappe/frappe/utils/scheduler.py:
Site: gourmet.sugarmill
Queued events for site gourmet.sugarmill
[DEBUG] 2021-12-06 20:20:48,740 | /home/attiq/frappe-sugarmill/apps/frappe/frappe/utils/scheduler.py:
Site: gourmet.sugarmill
Queued events for site gourmet.sugarmill
[DEBUG] 2021-12-06 20:21:48,897 | /home/attiq/frappe-sugarmill/apps/frappe/frappe/utils/scheduler.py:
Site: gourmet.sugarmill
Queued events for site gourmet.sugarmill
[DEBUG] 2021-12-06 20:22:49,274 | /home/attiq/frappe-sugarmill/apps/frappe/frappe/utils/scheduler.py:
Site: gourmet.sugarmill
Queued events for site gourmet.sugarmill
[DEBUG] 2021-12-06 20:23:49,838 | /home/attiq/frappe-sugarmill/apps/frappe/frappe/utils/scheduler.py:
Site: gourmet.sugarmill
Queued events for site gourmet.sugarmill
[DEBUG] 2021-12-06 20:24:50,236 | /home/attiq/frappe-sugarmill/apps/frappe/frappe/utils/scheduler.py:
Site: gourmet.sugarmill
Queued events for site gourmet.sugarmill
[ERROR] 2021-12-07 11:39:09,822 | /home/attiq/frappe-sugarmill/apps/frappe/frappe/utils/scheduler.py:
Site: gourmet.sugarmill
Exception in Enqueue Events for Site gourmet.sugarmill
Traceback (most recent call last):
  File "/home/attiq/frappe-sugarmill/env/lib/python3.6/site-packages/pymysql/connections.py", line 583, in connect
    **kwargs)
  File "/usr/lib/python3.6/socket.py", line 724, in create_connection
    raise err
  File "/usr/lib/python3.6/socket.py", line 713, in create_connection
    sock.connect(sa)
OSError: [Errno 101] Network is unreachable

During handling of the above exception, another exception occurred:

Traceback (most recent call last):
  File "/home/attiq/frappe-sugarmill/apps/frappe/frappe/utils/scheduler.py", line 81, in enqueue_events_for_site
    if is_scheduler_inactive():
  File "/home/attiq/frappe-sugarmill/apps/frappe/frappe/utils/scheduler.py", line 228, in is_scheduler_inactive
    if is_scheduler_disabled():
  File "/home/attiq/frappe-sugarmill/apps/frappe/frappe/utils/scheduler.py", line 237, in is_scheduler_disabled
    return not frappe.utils.cint(frappe.db.get_single_value("System Settings", "enable_scheduler"))
  File "/home/attiq/frappe-sugarmill/apps/frappe/frappe/database/database.py", line 553, in get_single_value
    `tabSingles` where `doctype`=%s and `field`=%s""", (doctype, fieldname))
  File "/home/attiq/frappe-sugarmill/apps/frappe/frappe/database/database.py", line 122, in sql
    self.connect()
  File "/home/attiq/frappe-sugarmill/apps/frappe/frappe/database/database.py", line 75, in connect
    self._conn = self.get_connection()
  File "/home/attiq/frappe-sugarmill/apps/frappe/frappe/database/mariadb/database.py", line 90, in get_connection
    local_infile = frappe.conf.local_infile)
  File "/home/attiq/frappe-sugarmill/env/lib/python3.6/site-packages/pymysql/__init__.py", line 94, in Connect
    return Connection(*args, **kwargs)
  File "/home/attiq/frappe-sugarmill/env/lib/python3.6/site-packages/pymysql/connections.py", line 325, in __init__
    self.connect()
  File "/home/attiq/frappe-sugarmill/env/lib/python3.6/site-packages/pymysql/connections.py", line 630, in connect
    raise exc
pymysql.err.OperationalError: (2003, "Can't connect to MySQL server on '192.168.2.116' ([Errno 101] Network is unreachable)")

[DEBUG] 2021-12-07 11:40:10,040 | /home/attiq/frappe-sugarmill/apps/frappe/frappe/utils/scheduler.py:
Site: gourmet.sugarmill
Queued events for site gourmet.sugarmill
[DEBUG] 2021-12-07 11:41:10,197 | /home/attiq/frappe-sugarmill/apps/frappe/frappe/utils/scheduler.py:
Site: gourmet.sugarmill
Queued events for site gourmet.sugarmill
[DEBUG] 2021-12-07 11:42:10,350 | /home/attiq/frappe-sugarmill/apps/frappe/frappe/utils/scheduler.py:
Site: gourmet.sugarmill
Queued events for site gourmet.sugarmill
[DEBUG] 2021-12-07 11:43:10,485 | /home/attiq/frappe-sugarmill/apps/frappe/frappe/utils/scheduler.py:
Site: gourmet.sugarmill
Queued events for site gourmet.sugarmill
[DEBUG] 2021-12-07 11:44:10,659 | /home/attiq/frappe-sugarmill/apps/frappe/frappe/utils/scheduler.py:
Site: gourmet.sugarmill
Queued events for site gourmet.sugarmill
[DEBUG] 2021-12-07 11:45:10,794 | /home/attiq/frappe-sugarmill/apps/frappe/frappe/utils/scheduler.py:
Site: gourmet.sugarmill
Queued events for site gourmet.sugarmill
[DEBUG] 2021-12-07 11:46:12,158 | /home/attiq/frappe-sugarmill/apps/frappe/frappe/utils/scheduler.py:
Site: gourmet.sugarmill
Queued events for site gourmet.sugarmill
[DEBUG] 2021-12-07 11:47:12,302 | /home/attiq/frappe-sugarmill/apps/frappe/frappe/utils/scheduler.py:
Site: gourmet.sugarmill
Queued events for site gourmet.sugarmill
[DEBUG] 2021-12-07 11:48:12,465 | /home/attiq/frappe-sugarmill/apps/frappe/frappe/utils/scheduler.py:
Site: gourmet.sugarmill
Queued events for site gourmet.sugarmill
[DEBUG] 2021-12-07 11:49:12,608 | /home/attiq/frappe-sugarmill/apps/frappe/frappe/utils/scheduler.py:
Site: gourmet.sugarmill
Queued events for site gourmet.sugarmill
[DEBUG] 2021-12-07 11:50:12,739 | /home/attiq/frappe-sugarmill/apps/frappe/frappe/utils/scheduler.py:
Site: gourmet.sugarmill
Queued events for site gourmet.sugarmill
[DEBUG] 2021-12-07 11:51:12,891 | /home/attiq/frappe-sugarmill/apps/frappe/frappe/utils/scheduler.py:
Site: gourmet.sugarmill
Queued events for site gourmet.sugarmill
[DEBUG] 2021-12-07 11:52:13,070 | /home/attiq/frappe-sugarmill/apps/frappe/frappe/utils/scheduler.py:
Site: gourmet.sugarmill
Queued events for site gourmet.sugarmill
[DEBUG] 2021-12-07 11:53:13,406 | /home/attiq/frappe-sugarmill/apps/frappe/frappe/utils/scheduler.py:
Site: gourmet.sugarmill
Queued events for site gourmet.sugarmill
[DEBUG] 2021-12-07 11:54:14,944 | /home/attiq/frappe-sugarmill/apps/frappe/frappe/utils/scheduler.py:
Site: gourmet.sugarmill
Queued events for site gourmet.sugarmill
[DEBUG] 2021-12-07 11:55:15,101 | /home/attiq/frappe-sugarmill/apps/frappe/frappe/utils/scheduler.py:
Site: gourmet.sugarmill
Queued events for site gourmet.sugarmill
[DEBUG] 2021-12-07 11:56:15,690 | /home/attiq/frappe-sugarmill/apps/frappe/frappe/utils/scheduler.py:
Site: gourmet.sugarmill
Queued events for site gourmet.sugarmill
[DEBUG] 2021-12-07 11:57:16,032 | /home/attiq/frappe-sugarmill/apps/frappe/frappe/utils/scheduler.py:
Site: gourmet.sugarmill
Queued events for site gourmet.sugarmill
[DEBUG] 2021-12-07 11:58:16,185 | /home/attiq/frappe-sugarmill/apps/frappe/frappe/utils/scheduler.py:
Site: gourmet.sugarmill
Queued events for site gourmet.sugarmill
[DEBUG] 2021-12-07 11:59:16,958 | /home/attiq/frappe-sugarmill/apps/frappe/frappe/utils/scheduler.py:
Site: gourmet.sugarmill
Queued events for site gourmet.sugarmill
[DEBUG] 2021-12-07 12:00:18,359 | /home/attiq/frappe-sugarmill/apps/frappe/frappe/utils/scheduler.py:
Site: gourmet.sugarmill
Queued events for site gourmet.sugarmill
[DEBUG] 2021-12-07 12:01:18,526 | /home/attiq/frappe-sugarmill/apps/frappe/frappe/utils/scheduler.py:
Site: gourmet.sugarmill
Queued events for site gourmet.sugarmill
[DEBUG] 2021-12-07 12:02:18,680 | /home/attiq/frappe-sugarmill/apps/frappe/frappe/utils/scheduler.py:
Site: gourmet.sugarmill
Queued events for site gourmet.sugarmill
[DEBUG] 2021-12-07 12:03:18,824 | /home/attiq/frappe-sugarmill/apps/frappe/frappe/utils/scheduler.py:
Site: gourmet.sugarmill
Queued events for site gourmet.sugarmill
[DEBUG] 2021-12-07 12:04:19,205 | /home/attiq/frappe-sugarmill/apps/frappe/frappe/utils/scheduler.py:
Site: gourmet.sugarmill
Queued events for site gourmet.sugarmill
[DEBUG] 2021-12-07 12:05:19,572 | /home/attiq/frappe-sugarmill/apps/frappe/frappe/utils/scheduler.py:
Site: gourmet.sugarmill
Queued events for site gourmet.sugarmill
[DEBUG] 2021-12-07 12:06:19,708 | /home/attiq/frappe-sugarmill/apps/frappe/frappe/utils/scheduler.py:
Site: gourmet.sugarmill
Queued events for site gourmet.sugarmill
[DEBUG] 2021-12-07 12:07:19,859 | /home/attiq/frappe-sugarmill/apps/frappe/frappe/utils/scheduler.py:
Site: gourmet.sugarmill
Queued events for site gourmet.sugarmill
[DEBUG] 2021-12-07 12:08:20,011 | /home/attiq/frappe-sugarmill/apps/frappe/frappe/utils/scheduler.py:
Site: gourmet.sugarmill
Queued events for site gourmet.sugarmill
[DEBUG] 2021-12-07 12:09:20,169 | /home/attiq/frappe-sugarmill/apps/frappe/frappe/utils/scheduler.py:
Site: gourmet.sugarmill
Queued events for site gourmet.sugarmill
[DEBUG] 2021-12-07 12:10:20,316 | /home/attiq/frappe-sugarmill/apps/frappe/frappe/utils/scheduler.py:
Site: gourmet.sugarmill
Queued events for site gourmet.sugarmill
[DEBUG] 2021-12-07 12:11:20,470 | /home/attiq/frappe-sugarmill/apps/frappe/frappe/utils/scheduler.py:
Site: gourmet.sugarmill
Queued events for site gourmet.sugarmill
[DEBUG] 2021-12-07 12:12:20,616 | /home/attiq/frappe-sugarmill/apps/frappe/frappe/utils/scheduler.py:
Site: gourmet.sugarmill
Queued events for site gourmet.sugarmill
[DEBUG] 2021-12-07 12:13:21,106 | /home/attiq/frappe-sugarmill/apps/frappe/frappe/utils/scheduler.py:
Site: gourmet.sugarmill
Queued events for site gourmet.sugarmill
[DEBUG] 2021-12-07 12:14:21,236 | /home/attiq/frappe-sugarmill/apps/frappe/frappe/utils/scheduler.py:
Site: gourmet.sugarmill
Queued events for site gourmet.sugarmill
[DEBUG] 2021-12-07 12:15:21,385 | /home/attiq/frappe-sugarmill/apps/frappe/frappe/utils/scheduler.py:
Site: gourmet.sugarmill
Queued events for site gourmet.sugarmill
[DEBUG] 2021-12-07 12:16:21,523 | /home/attiq/frappe-sugarmill/apps/frappe/frappe/utils/scheduler.py:
Site: gourmet.sugarmill
Queued events for site gourmet.sugarmill
[DEBUG] 2021-12-07 12:17:21,663 | /home/attiq/frappe-sugarmill/apps/frappe/frappe/utils/scheduler.py:
Site: gourmet.sugarmill
Queued events for site gourmet.sugarmill
[DEBUG] 2021-12-07 12:18:21,800 | /home/attiq/frappe-sugarmill/apps/frappe/frappe/utils/scheduler.py:
Site: gourmet.sugarmill
Queued events for site gourmet.sugarmill
[DEBUG] 2021-12-07 12:19:21,931 | /home/attiq/frappe-sugarmill/apps/frappe/frappe/utils/scheduler.py:
Site: gourmet.sugarmill
Queued events for site gourmet.sugarmill
[DEBUG] 2021-12-07 12:20:22,062 | /home/attiq/frappe-sugarmill/apps/frappe/frappe/utils/scheduler.py:
Site: gourmet.sugarmill
Queued events for site gourmet.sugarmill
[DEBUG] 2021-12-07 12:21:22,206 | /home/attiq/frappe-sugarmill/apps/frappe/frappe/utils/scheduler.py:
Site: gourmet.sugarmill
Queued events for site gourmet.sugarmill
[DEBUG] 2021-12-07 12:22:22,353 | /home/attiq/frappe-sugarmill/apps/frappe/frappe/utils/scheduler.py:
Site: gourmet.sugarmill
Queued events for site gourmet.sugarmill
[DEBUG] 2021-12-07 12:23:22,491 | /home/attiq/frappe-sugarmill/apps/frappe/frappe/utils/scheduler.py:
Site: gourmet.sugarmill
Queued events for site gourmet.sugarmill
[DEBUG] 2021-12-07 12:24:22,642 | /home/attiq/frappe-sugarmill/apps/frappe/frappe/utils/scheduler.py:
Site: gourmet.sugarmill
Queued events for site gourmet.sugarmill
[DEBUG] 2021-12-07 12:25:22,785 | /home/attiq/frappe-sugarmill/apps/frappe/frappe/utils/scheduler.py:
Site: gourmet.sugarmill
Queued events for site gourmet.sugarmill
[DEBUG] 2021-12-07 12:26:22,933 | /home/attiq/frappe-sugarmill/apps/frappe/frappe/utils/scheduler.py:
Site: gourmet.sugarmill
Queued events for site gourmet.sugarmill
[DEBUG] 2021-12-07 12:27:23,093 | /home/attiq/frappe-sugarmill/apps/frappe/frappe/utils/scheduler.py:
Site: gourmet.sugarmill
Queued events for site gourmet.sugarmill
[DEBUG] 2021-12-07 12:28:23,231 | /home/attiq/frappe-sugarmill/apps/frappe/frappe/utils/scheduler.py:
Site: gourmet.sugarmill
Queued events for site gourmet.sugarmill
[DEBUG] 2021-12-07 12:29:23,364 | /home/attiq/frappe-sugarmill/apps/frappe/frappe/utils/scheduler.py:
Site: gourmet.sugarmill
Queued events for site gourmet.sugarmill
